SF:e:\NashTech Training\2022Batch6Net2\RookieOnlineAssetManagement\Areas\Identity\Pages\Account\Login.cshtml
FN:26,System.Void AspNetCoreGeneratedDocument.Areas_Identity_Pages_Account_Login/<<ExecuteAsync>b__31_3>d::MoveNext()
FNDA:0,System.Void AspNetCoreGeneratedDocument.Areas_Identity_Pages_Account_Login/<<ExecuteAsync>b__31_3>d::MoveNext()
DA:27,0
DA:28,0
DA:29,0
DA:32,0
DA:34,0
DA:37,0
BRDA:27,573,0,0
BRDA:27,573,1,0
BRDA:28,1283,0,0
BRDA:28,1283,1,0
BRDA:29,1917,0,0
BRDA:29,1917,1,0
BRDA:32,2537,0,0
BRDA:32,2537,1,0
BRDA:34,3247,0,0
BRDA:34,3247,1,0
BRDA:37,3883,0,0
BRDA:37,3883,1,0
FN:5,System.Void AspNetCoreGeneratedDocument.Areas_Identity_Pages_Account_Login/<ExecuteAsync>d__31::MoveNext()
FNDA:0,System.Void AspNetCoreGeneratedDocument.Areas_Identity_Pages_Account_Login/<ExecuteAsync>d__31::MoveNext()
DA:6,0
DA:7,0
DA:23,0
DA:48,0
BRDA:7,486,0,0
BRDA:7,486,1,0
BRDA:7,1004,0,0
BRDA:7,1004,1,0
BRDA:23,1540,0,0
BRDA:23,1540,1,0
BRDA:23,2104,0,0
BRDA:23,2104,1,0
BRDA:48,2727,0,0
BRDA:48,2727,1,0
LF:10
LH:0
BRF:22
BRH:0
FNF:2
FNH:0
end_of_record
SF:e:\NashTech Training\2022Batch6Net2\RookieOnlineAssetManagement\Program.cs
FN:12,System.Void RookieOnlineAssetManagement.Program::Main(System.String[])
FNDA:0,System.Void RookieOnlineAssetManagement.Program::Main(System.String[])
DA:13,0
DA:14,0
DA:16,0
DA:17,0
DA:18,0
DA:19,0
DA:20,0
DA:21,0
DA:22,0
DA:23,0
DA:24,0
DA:25,0
DA:26,0
DA:28,0
DA:30,0
FN:32,Microsoft.Extensions.Hosting.IHostBuilder RookieOnlineAssetManagement.Program::CreateHostBuilder(System.String[])
FNDA:0,Microsoft.Extensions.Hosting.IHostBuilder RookieOnlineAssetManagement.Program::CreateHostBuilder(System.String[])
DA:33,0
DA:34,0
DA:35,0
DA:36,0
DA:37,0
LF:20
LH:0
BRF:0
BRH:0
FNF:2
FNH:0
end_of_record
SF:e:\NashTech Training\2022Batch6Net2\RookieOnlineAssetManagement\Startup.cs
FN:24,Microsoft.Extensions.Configuration.IConfiguration RookieOnlineAssetManagement.Startup::get_Configuration()
FNDA:0,Microsoft.Extensions.Configuration.IConfiguration RookieOnlineAssetManagement.Startup::get_Configuration()
DA:25,0
FN:28,System.Void RookieOnlineAssetManagement.Startup::ConfigureServices(Microsoft.Extensions.DependencyInjection.IServiceCollection)
FNDA:0,System.Void RookieOnlineAssetManagement.Startup::ConfigureServices(Microsoft.Extensions.DependencyInjection.IServiceCollection)
DA:29,0
DA:30,0
DA:31,0
DA:32,0
DA:33,0
DA:34,0
DA:35,0
DA:36,0
DA:37,0
DA:38,0
DA:39,0
DA:40,0
DA:41,0
DA:42,0
DA:43,0
DA:44,0
DA:45,0
DA:46,0
DA:47,0
DA:48,0
DA:49,0
DA:50,0
DA:51,0
DA:52,0
DA:53,0
DA:54,0
DA:55,0
DA:56,0
DA:57,0
DA:59,0
DA:60,0
DA:61,0
DA:62,0
DA:63,0
DA:64,0
DA:65,0
DA:66,0
DA:67,0
DA:68,0
DA:69,0
DA:70,0
DA:71,0
DA:72,0
DA:73,0
DA:74,0
DA:77,0
DA:78,0
DA:79,0
DA:80,0
DA:81,0
FN:84,System.Void RookieOnlineAssetManagement.Startup::Configure(Microsoft.AspNetCore.Builder.IApplicationBuilder,Microsoft.AspNetCore.Hosting.IWebHostEnvironment)
FNDA:0,System.Void RookieOnlineAssetManagement.Startup::Configure(Microsoft.AspNetCore.Builder.IApplicationBuilder,Microsoft.AspNetCore.Hosting.IWebHostEnvironment)
DA:85,0
DA:86,0
DA:87,0
DA:88,0
DA:89,0
DA:91,0
DA:92,0
DA:93,0
DA:94,0
DA:95,0
DA:97,0
DA:98,0
DA:100,0
DA:101,0
DA:103,0
DA:104,0
DA:105,0
DA:106,0
DA:107,0
DA:108,0
DA:109,0
DA:110,0
DA:111,0
DA:112,0
DA:113,0
DA:114,0
DA:115,0
DA:117,0
DA:118,0
DA:119,0
DA:120,0
DA:121,0
DA:122,0
DA:123,0
DA:124,0
DA:125,0
DA:126,0
BRDA:91,81,0,0
BRDA:91,81,1,0
BRDA:121,31,0,0
BRDA:121,31,1,0
FN:19,System.Void RookieOnlineAssetManagement.Startup::.ctor(Microsoft.Extensions.Configuration.IConfiguration)
FNDA:0,System.Void RookieOnlineAssetManagement.Startup::.ctor(Microsoft.Extensions.Configuration.IConfiguration)
DA:20,0
DA:21,0
DA:22,0
DA:23,0
LF:92
LH:0
BRF:4
BRH:0
FNF:4
FNH:0
end_of_record
SF:e:\NashTech Training\2022Batch6Net2\RookieOnlineAssetManagement\Repositories\AssignmentRepository.cs
FN:24,System.Collections.Generic.IEnumerable`1<RookieOnlineAssetManagement.Entities.Assignment> RookieOnlineAssetManagement.Repositories.AssignmentRepository::GetAssignments()
FNDA:0,System.Collections.Generic.IEnumerable`1<RookieOnlineAssetManagement.Entities.Assignment> RookieOnlineAssetManagement.Repositories.AssignmentRepository::GetAssignments()
DA:25,0
DA:26,0
DA:27,0
FN:29,RookieOnlineAssetManagement.Entities.Assignment RookieOnlineAssetManagement.Repositories.AssignmentRepository::GetAssignmentByID(System.Int32)
FNDA:0,RookieOnlineAssetManagement.Entities.Assignment RookieOnlineAssetManagement.Repositories.AssignmentRepository::GetAssignmentByID(System.Int32)
DA:30,0
DA:31,0
DA:32,0
FN:34,System.Void RookieOnlineAssetManagement.Repositories.AssignmentRepository::InsertAssignment(RookieOnlineAssetManagement.Entities.Assignment)
FNDA:0,System.Void RookieOnlineAssetManagement.Repositories.AssignmentRepository::InsertAssignment(RookieOnlineAssetManagement.Entities.Assignment)
DA:35,0
DA:36,0
DA:37,0
FN:39,System.Void RookieOnlineAssetManagement.Repositories.AssignmentRepository::DeleteAssignment(System.Int32)
FNDA:0,System.Void RookieOnlineAssetManagement.Repositories.AssignmentRepository::DeleteAssignment(System.Int32)
DA:40,0
DA:41,0
DA:42,0
DA:43,0
FN:45,System.Void RookieOnlineAssetManagement.Repositories.AssignmentRepository::UpdateAssignment(RookieOnlineAssetManagement.Entities.Assignment)
FNDA:0,System.Void RookieOnlineAssetManagement.Repositories.AssignmentRepository::UpdateAssignment(RookieOnlineAssetManagement.Entities.Assignment)
DA:46,0
DA:47,0
DA:48,0
FN:50,System.Void RookieOnlineAssetManagement.Repositories.AssignmentRepository::Save()
FNDA:0,System.Void RookieOnlineAssetManagement.Repositories.AssignmentRepository::Save()
DA:51,0
DA:52,0
DA:53,0
FN:57,System.Void RookieOnlineAssetManagement.Repositories.AssignmentRepository::Dispose(System.Boolean)
FNDA:0,System.Void RookieOnlineAssetManagement.Repositories.AssignmentRepository::Dispose(System.Boolean)
DA:58,0
DA:59,0
DA:60,0
DA:61,0
DA:62,0
DA:63,0
DA:64,0
DA:65,0
DA:66,0
DA:67,0
BRDA:59,12,0,0
BRDA:61,18,0,0
BRDA:61,18,1,0
BRDA:59,12,1,0
FN:69,System.Void RookieOnlineAssetManagement.Repositories.AssignmentRepository::Dispose()
FNDA:0,System.Void RookieOnlineAssetManagement.Repositories.AssignmentRepository::Dispose()
DA:70,0
DA:71,0
DA:72,0
DA:73,0
FN:17,System.Void RookieOnlineAssetManagement.Repositories.AssignmentRepository::.ctor(AutoMapper.IMapper,RookieOnlineAssetManagement.Data.ApplicationDbContext)
FNDA:0,System.Void RookieOnlineAssetManagement.Repositories.AssignmentRepository::.ctor(AutoMapper.IMapper,RookieOnlineAssetManagement.Data.ApplicationDbContext)
DA:18,0
DA:19,0
DA:20,0
DA:21,0
DA:22,0
DA:55,0
LF:39
LH:0
BRF:4
BRH:0
FNF:9
FNH:0
end_of_record
SF:e:\NashTech Training\2022Batch6Net2\RookieOnlineAssetManagement\Repositories\UserRepository.cs
FN:23,System.Void RookieOnlineAssetManagement.Repositories.UserRepository::.ctor(AutoMapper.IMapper,RookieOnlineAssetManagement.Data.ApplicationDbContext,Microsoft.AspNetCore.Identity.UserManager`1<RookieOnlineAssetManagement.Entities.User>)
FNDA:0,System.Void RookieOnlineAssetManagement.Repositories.UserRepository::.ctor(AutoMapper.IMapper,RookieOnlineAssetManagement.Data.ApplicationDbContext,Microsoft.AspNetCore.Identity.UserManager`1<RookieOnlineAssetManagement.Entities.User>)
DA:24,0
DA:25,0
DA:26,0
DA:27,0
DA:28,0
DA:29,0
FN:1013,System.Void RookieOnlineAssetManagement.Repositories.UserRepository/<AddLocation>d__12::MoveNext()
FNDA:0,System.Void RookieOnlineAssetManagement.Repositories.UserRepository/<AddLocation>d__12::MoveNext()
DA:1014,0
DA:1015,0
DA:1016,0
DA:1017,0
DA:1018,0
DA:1019,0
DA:1020,0
DA:1021,0
BRDA:1016,313,0,0
BRDA:1016,313,1,0
FN:1022,System.Void RookieOnlineAssetManagement.Repositories.UserRepository/<CheckUserCanDeleteAsync>d__13::MoveNext()
FNDA:0,System.Void RookieOnlineAssetManagement.Repositories.UserRepository/<CheckUserCanDeleteAsync>d__13::MoveNext()
DA:1023,0
DA:1024,0
DA:1025,0
DA:1026,0
FN:37,System.Void RookieOnlineAssetManagement.Repositories.UserRepository/<CreateAsync>d__5::MoveNext()
FNDA:0,System.Void RookieOnlineAssetManagement.Repositories.UserRepository/<CreateAsync>d__5::MoveNext()
DA:38,0
DA:39,0
DA:40,0
DA:41,0
DA:42,0
DA:43,0
DA:44,0
DA:45,0
DA:46,0
DA:47,0
DA:48,0
DA:49,0
DA:50,0
DA:51,0
DA:52,0
DA:53,0
DA:54,0
DA:55,0
DA:57,0
DA:58,0
DA:59,0
DA:60,0
DA:61,0
DA:62,0
DA:63,0
DA:64,0
DA:65,0
DA:66,0
DA:68,0
DA:70,0
DA:71,0
DA:72,0
DA:73,0
DA:74,0
DA:75,0
DA:77,0
DA:78,0
DA:79,0
DA:80,0
DA:81,0
DA:82,0
DA:83,0
DA:84,0
DA:85,0
DA:86,0
DA:87,0
DA:88,0
DA:89,0
DA:90,0
DA:92,0
DA:94,0
DA:96,0
DA:97,0
DA:98,0
BRDA:41,228,1,0
BRDA:42,156,0,0
BRDA:42,156,1,0
BRDA:41,228,0,0
BRDA:48,412,1,0
BRDA:49,330,0,0
BRDA:49,330,1,0
BRDA:48,412,0,0
BRDA:59,1091,1,0
BRDA:59,1091,0,0
BRDA:71,1327,0,0
BRDA:71,1327,1,0
FN:1027,System.Void RookieOnlineAssetManagement.Repositories.UserRepository/<DeleteUserAsync>d__14::MoveNext()
FNDA:0,System.Void RookieOnlineAssetManagement.Repositories.UserRepository/<DeleteUserAsync>d__14::MoveNext()
DA:1028,0
DA:1029,0
DA:1031,0
DA:1032,0
DA:1033,0
DA:1034,0
DA:1035,0
DA:1036,0
DA:1037,0
DA:1038,0
DA:1039,0
DA:1040,0
DA:1041,0
BRDA:1031,115,0,0
BRDA:1034,386,0,0
BRDA:1034,386,1,0
BRDA:1031,115,1,0
FN:100,System.Void RookieOnlineAssetManagement.Repositories.UserRepository/<FindUser>d__6::MoveNext()
FNDA:0,System.Void RookieOnlineAssetManagement.Repositories.UserRepository/<FindUser>d__6::MoveNext()
DA:101,0
DA:102,0
DA:103,0
DA:104,0
DA:105,0
DA:106,0
DA:107,0
DA:108,0
DA:109,0
DA:110,0
DA:111,0
DA:112,0
DA:113,0
DA:114,0
DA:115,0
DA:116,0
DA:117,0
DA:118,0
DA:119,0
DA:120,0
DA:121,0
DA:122,0
DA:123,0
DA:124,0
DA:125,0
DA:126,0
DA:127,0
DA:128,0
DA:129,0
DA:130,0
DA:131,0
DA:133,0
DA:134,0
DA:135,0
DA:136,0
DA:137,0
DA:138,0
DA:139,0
DA:140,0
DA:141,0
DA:142,0
DA:143,0
DA:144,0
DA:145,0
DA:146,0
DA:147,0
DA:148,0
DA:149,0
DA:150,0
DA:151,0
DA:152,0
DA:153,0
DA:154,0
DA:155,0
DA:156,0
DA:157,0
DA:158,0
DA:159,0
DA:160,0
DA:161,0
DA:162,0
DA:164,0
DA:165,0
DA:166,0
DA:167,0
DA:168,0
DA:169,0
DA:170,0
DA:171,0
DA:172,0
DA:173,0
DA:174,0
DA:175,0
DA:176,0
DA:177,0
DA:178,0
DA:179,0
DA:180,0
DA:181,0
DA:182,0
DA:183,0
DA:184,0
DA:185,0
DA:186,0
DA:187,0
DA:188,0
DA:189,0
DA:190,0
DA:191,0
DA:192,0
DA:193,0
DA:196,0
DA:197,0
DA:198,0
DA:199,0
DA:200,0
DA:201,0
DA:202,0
DA:203,0
DA:204,0
DA:205,0
DA:206,0
DA:207,0
DA:208,0
DA:209,0
DA:210,0
DA:211,0
DA:212,0
DA:213,0
DA:214,0
DA:215,0
DA:216,0
DA:217,0
DA:218,0
DA:219,0
DA:220,0
DA:221,0
DA:222,0
DA:223,0
DA:224,0
DA:226,0
BRDA:102,151,0,0
BRDA:116,1418,0,0
BRDA:116,1418,1,0
BRDA:102,151,1,0
BRDA:133,2858,0,0
BRDA:147,4196,0,0
BRDA:147,4196,1,0
BRDA:133,2858,1,0
BRDA:164,5704,0,0
BRDA:178,7042,0,0
BRDA:178,7042,1,0
BRDA:164,5704,1,0
BRDA:209,9795,0,0
BRDA:209,9795,1,0
FN:31,System.Void RookieOnlineAssetManagement.Repositories.UserRepository/<GetAllAsync>d__4::MoveNext()
FNDA:0,System.Void RookieOnlineAssetManagement.Repositories.UserRepository/<GetAllAsync>d__4::MoveNext()
DA:32,0
DA:33,0
DA:34,0
DA:35,0
FN:227,System.Void RookieOnlineAssetManagement.Repositories.UserRepository/<GetAllAsync>d__7::MoveNext()
FNDA:0,System.Void RookieOnlineAssetManagement.Repositories.UserRepository/<GetAllAsync>d__7::MoveNext()
DA:228,0
DA:229,0
DA:230,0
DA:231,0
DA:232,0
DA:233,0
DA:234,0
DA:235,0
DA:236,0
DA:237,0
DA:238,0
DA:239,0
DA:240,0
DA:241,0
DA:242,0
DA:243,0
DA:244,0
DA:245,0
DA:246,0
DA:247,0
DA:250,0
DA:251,0
DA:253,0
BRDA:242,948,0,0
BRDA:242,948,1,0
BRDA:245,1038,0,0
BRDA:245,1038,1,0
FN:963,System.Void RookieOnlineAssetManagement.Repositories.UserRepository/<GetAsync>d__10::MoveNext()
FNDA:0,System.Void RookieOnlineAssetManagement.Repositories.UserRepository/<GetAsync>d__10::MoveNext()
DA:964,0
DA:965,0
DA:966,0
DA:967,0
DA:968,0
FN:255,System.Void RookieOnlineAssetManagement.Repositories.UserRepository/<GetUserByType>d__8::MoveNext()
FNDA:0,System.Void RookieOnlineAssetManagement.Repositories.UserRepository/<GetUserByType>d__8::MoveNext()
DA:256,0
DA:257,0
DA:258,0
DA:259,0
DA:260,0
DA:261,0
DA:262,0
DA:263,0
DA:264,0
DA:265,0
DA:266,0
DA:267,0
DA:268,0
DA:269,0
DA:270,0
DA:271,0
DA:272,0
DA:273,0
DA:274,0
DA:275,0
DA:276,0
DA:277,0
DA:278,0
DA:279,0
DA:280,0
DA:281,0
DA:282,0
DA:283,0
DA:284,0
DA:285,0
DA:286,0
DA:287,0
DA:288,0
DA:289,0
DA:290,0
DA:291,0
DA:292,0
DA:293,0
DA:294,0
DA:295,0
DA:296,0
DA:297,0
DA:298,0
DA:299,0
DA:300,0
DA:302,0
DA:303,0
DA:304,0
DA:305,0
DA:306,0
DA:307,0
DA:308,0
DA:309,0
DA:310,0
DA:311,0
DA:312,0
DA:313,0
DA:314,0
DA:315,0
DA:316,0
DA:318,0
DA:319,0
DA:320,0
DA:321,0
DA:322,0
DA:323,0
DA:324,0
DA:325,0
DA:326,0
DA:327,0
DA:328,0
DA:329,0
DA:330,0
DA:331,0
DA:332,0
DA:333,0
DA:334,0
DA:335,0
DA:336,0
DA:337,0
DA:338,0
DA:341,0
DA:342,0
DA:344,0
BRDA:269,985,0,0
BRDA:271,1011,0,0
BRDA:271,1011,1,0
BRDA:286,1989,0,0
BRDA:286,1989,1,0
BRDA:269,985,1,0
BRDA:333,4741,0,0
BRDA:333,4741,1,0
BRDA:336,4831,0,0
BRDA:336,4831,1,0
FN:346,System.Void RookieOnlineAssetManagement.Repositories.UserRepository/<SortUser>d__9::MoveNext()
FNDA:0,System.Void RookieOnlineAssetManagement.Repositories.UserRepository/<SortUser>d__9::MoveNext()
DA:347,0
DA:348,0
DA:349,0
DA:350,0
DA:351,0
DA:352,0
DA:353,0
DA:354,0
DA:355,0
DA:356,0
DA:357,0
DA:358,0
DA:359,0
DA:360,0
DA:363,0
DA:364,0
DA:365,0
DA:366,0
DA:367,0
DA:368,0
DA:369,0
DA:370,0
DA:371,0
DA:372,0
DA:373,0
DA:374,0
DA:375,0
DA:376,0
DA:377,0
DA:378,0
DA:379,0
DA:382,0
DA:383,0
DA:384,0
DA:385,0
DA:386,0
DA:387,0
DA:388,0
DA:389,0
DA:390,0
DA:391,0
DA:392,0
DA:393,0
DA:394,0
DA:395,0
DA:398,0
DA:399,0
DA:400,0
DA:401,0
DA:402,0
DA:403,0
DA:404,0
DA:405,0
DA:406,0
DA:407,0
DA:408,0
DA:409,0
DA:410,0
DA:411,0
DA:412,0
DA:413,0
DA:414,0
DA:417,0
DA:418,0
DA:419,0
DA:420,0
DA:421,0
DA:422,0
DA:423,0
DA:424,0
DA:425,0
DA:426,0
DA:427,0
DA:428,0
DA:429,0
DA:430,0
DA:433,0
DA:434,0
DA:435,0
DA:436,0
DA:437,0
DA:438,0
DA:439,0
DA:440,0
DA:441,0
DA:442,0
DA:443,0
DA:444,0
DA:445,0
DA:446,0
DA:447,0
DA:448,0
DA:449,0
DA:452,0
DA:453,0
DA:454,0
DA:455,0
DA:456,0
DA:457,0
DA:458,0
DA:459,0
DA:460,0
DA:461,0
DA:462,0
DA:463,0
DA:464,0
DA:465,0
DA:469,0
DA:470,0
DA:471,0
DA:472,0
DA:473,0
DA:474,0
DA:475,0
DA:476,0
DA:477,0
DA:478,0
DA:479,0
DA:480,0
DA:481,0
DA:482,0
DA:483,0
DA:484,0
DA:485,0
DA:486,0
DA:487,0
DA:488,0
DA:491,0
DA:492,0
DA:493,0
DA:494,0
DA:495,0
DA:496,0
DA:497,0
DA:498,0
DA:499,0
DA:500,0
DA:501,0
DA:502,0
DA:503,0
DA:504,0
DA:505,0
DA:506,0
DA:507,0
DA:508,0
DA:512,0
DA:513,0
DA:514,0
DA:515,0
DA:516,0
DA:517,0
DA:518,0
DA:519,0
DA:520,0
DA:521,0
DA:522,0
DA:523,0
DA:524,0
DA:525,0
DA:526,0
DA:527,0
DA:528,0
DA:531,0
DA:532,0
DA:533,0
DA:534,0
DA:535,0
DA:536,0
DA:537,0
DA:538,0
DA:539,0
DA:540,0
DA:541,0
DA:542,0
DA:543,0
DA:544,0
DA:547,0
DA:548,0
DA:549,0
DA:550,0
DA:551,0
DA:552,0
DA:553,0
DA:554,0
DA:555,0
DA:556,0
DA:557,0
DA:558,0
DA:559,0
DA:560,0
DA:561,0
DA:562,0
DA:563,0
DA:566,0
DA:567,0
DA:568,0
DA:569,0
DA:570,0
DA:571,0
DA:572,0
DA:573,0
DA:574,0
DA:575,0
DA:576,0
DA:577,0
DA:578,0
DA:579,0
DA:582,0
DA:583,0
DA:584,0
DA:585,0
DA:586,0
DA:587,0
DA:588,0
DA:589,0
DA:590,0
DA:591,0
DA:592,0
DA:593,0
DA:594,0
DA:595,0
DA:596,0
DA:597,0
DA:598,0
DA:601,0
DA:602,0
DA:603,0
DA:604,0
DA:605,0
DA:606,0
DA:607,0
DA:608,0
DA:609,0
DA:610,0
DA:611,0
DA:612,0
DA:613,0
DA:614,0
DA:618,0
DA:619,0
DA:620,0
DA:621,0
DA:622,0
DA:623,0
DA:624,0
DA:625,0
DA:626,0
DA:627,0
DA:628,0
DA:629,0
DA:630,0
DA:631,0
DA:632,0
DA:633,0
DA:634,0
DA:635,0
DA:636,0
DA:637,0
DA:640,0
DA:641,0
DA:642,0
DA:643,0
DA:644,0
DA:645,0
DA:646,0
DA:647,0
DA:648,0
DA:649,0
DA:650,0
DA:651,0
DA:652,0
DA:653,0
DA:654,0
DA:655,0
DA:656,0
DA:657,0
DA:661,0
DA:662,0
DA:663,0
DA:664,0
DA:665,0
DA:666,0
DA:667,0
DA:668,0
DA:669,0
DA:670,0
DA:671,0
DA:672,0
DA:673,0
DA:674,0
DA:675,0
DA:676,0
DA:677,0
DA:680,0
DA:681,0
DA:682,0
DA:683,0
DA:684,0
DA:685,0
DA:686,0
DA:687,0
DA:688,0
DA:689,0
DA:690,0
DA:691,0
DA:692,0
DA:693,0
DA:696,0
DA:697,0
DA:698,0
DA:699,0
DA:700,0
DA:701,0
DA:702,0
DA:703,0
DA:704,0
DA:705,0
DA:706,0
DA:707,0
DA:708,0
DA:709,0
DA:710,0
DA:711,0
DA:712,0
DA:715,0
DA:716,0
DA:717,0
DA:718,0
DA:719,0
DA:720,0
DA:721,0
DA:722,0
DA:723,0
DA:724,0
DA:725,0
DA:726,0
DA:727,0
DA:728,0
DA:731,0
DA:732,0
DA:733,0
DA:734,0
DA:735,0
DA:736,0
DA:737,0
DA:738,0
DA:739,0
DA:740,0
DA:741,0
DA:742,0
DA:743,0
DA:744,0
DA:745,0
DA:746,0
DA:747,0
DA:750,0
DA:751,0
DA:752,0
DA:753,0
DA:754,0
DA:755,0
DA:756,0
DA:757,0
DA:758,0
DA:759,0
DA:760,0
DA:761,0
DA:762,0
DA:763,0
DA:767,0
DA:768,0
DA:769,0
DA:770,0
DA:771,0
DA:772,0
DA:773,0
DA:774,0
DA:775,0
DA:776,0
DA:777,0
DA:778,0
DA:779,0
DA:780,0
DA:781,0
DA:782,0
DA:783,0
DA:784,0
DA:785,0
DA:786,0
DA:789,0
DA:790,0
DA:791,0
DA:792,0
DA:793,0
DA:794,0
DA:795,0
DA:796,0
DA:797,0
DA:798,0
DA:799,0
DA:800,0
DA:801,0
DA:802,0
DA:803,0
DA:804,0
DA:805,0
DA:806,0
DA:810,0
DA:811,0
DA:812,0
DA:813,0
DA:814,0
DA:815,0
DA:816,0
DA:817,0
DA:818,0
DA:819,0
DA:820,0
DA:821,0
DA:822,0
DA:823,0
DA:824,0
DA:825,0
DA:826,0
DA:829,0
DA:830,0
DA:831,0
DA:832,0
DA:833,0
DA:834,0
DA:835,0
DA:836,0
DA:837,0
DA:838,0
DA:839,0
DA:840,0
DA:841,0
DA:842,0
DA:845,0
DA:846,0
DA:847,0
DA:848,0
DA:849,0
DA:850,0
DA:851,0
DA:852,0
DA:853,0
DA:854,0
DA:855,0
DA:856,0
DA:857,0
DA:858,0
DA:859,0
DA:860,0
DA:861,0
DA:864,0
DA:865,0
DA:866,0
DA:867,0
DA:868,0
DA:869,0
DA:870,0
DA:871,0
DA:872,0
DA:873,0
DA:874,0
DA:875,0
DA:876,0
DA:877,0
DA:880,0
DA:881,0
DA:882,0
DA:883,0
DA:884,0
DA:885,0
DA:886,0
DA:887,0
DA:888,0
DA:889,0
DA:890,0
DA:891,0
DA:892,0
DA:893,0
DA:894,0
DA:895,0
DA:896,0
DA:899,0
DA:900,0
DA:901,0
DA:902,0
DA:903,0
DA:904,0
DA:905,0
DA:906,0
DA:907,0
DA:908,0
DA:909,0
DA:910,0
DA:911,0
DA:912,0
DA:916,0
DA:917,0
DA:918,0
DA:919,0
DA:920,0
DA:921,0
DA:922,0
DA:923,0
DA:924,0
DA:925,0
DA:926,0
DA:927,0
DA:928,0
DA:929,0
DA:930,0
DA:931,0
DA:932,0
DA:933,0
DA:934,0
DA:935,0
DA:938,0
DA:939,0
DA:940,0
DA:941,0
DA:942,0
DA:943,0
DA:944,0
DA:945,0
DA:946,0
DA:947,0
DA:948,0
DA:949,0
DA:950,0
DA:951,0
DA:952,0
DA:953,0
DA:954,0
DA:955,0
DA:960,0
DA:961,0
BRDA:360,1335,0,0
BRDA:360,1349,0,0
BRDA:360,1366,0,0
BRDA:360,1335,1,0
BRDA:363,1413,0,0
BRDA:365,1439,0,0
BRDA:365,1439,1,0
BRDA:363,1413,1,0
BRDA:398,3492,0,0
BRDA:400,3518,0,0
BRDA:400,3518,1,0
BRDA:398,3492,1,0
BRDA:433,5571,0,0
BRDA:435,5597,0,0
BRDA:435,5597,1,0
BRDA:433,5571,1,0
BRDA:470,7517,0,0
BRDA:470,7517,1,0
BRDA:360,1349,1,0
BRDA:512,10292,0,0
BRDA:514,10318,0,0
BRDA:514,10318,1,0
BRDA:512,10292,1,0
BRDA:547,12373,0,0
BRDA:549,12399,0,0
BRDA:549,12399,1,0
BRDA:547,12373,1,0
BRDA:582,14454,0,0
BRDA:584,14480,0,0
BRDA:584,14480,1,0
BRDA:582,14454,1,0
BRDA:619,16402,0,0
BRDA:619,16402,1,0
BRDA:360,1366,1,0
BRDA:661,19179,0,0
BRDA:663,19205,0,0
BRDA:663,19205,1,0
BRDA:661,19179,1,0
BRDA:696,21260,0,0
BRDA:698,21286,0,0
BRDA:698,21286,1,0
BRDA:696,21260,1,0
BRDA:731,23341,0,0
BRDA:733,23367,0,0
BRDA:733,23367,1,0
BRDA:731,23341,1,0
BRDA:768,25289,0,0
BRDA:768,25289,1,0
BRDA:360,1383,1,0
BRDA:810,28066,0,0
BRDA:812,28092,0,0
BRDA:812,28092,1,0
BRDA:810,28066,1,0
BRDA:845,30147,0,0
BRDA:847,30173,0,0
BRDA:847,30173,1,0
BRDA:845,30147,1,0
BRDA:880,32228,0,0
BRDA:882,32254,0,0
BRDA:882,32254,1,0
BRDA:880,32228,1,0
BRDA:917,34176,0,0
BRDA:917,34176,1,0
BRDA:360,1383,0,0
FN:970,System.Void RookieOnlineAssetManagement.Repositories.UserRepository/<UpdateAsync>d__11::MoveNext()
FNDA:0,System.Void RookieOnlineAssetManagement.Repositories.UserRepository/<UpdateAsync>d__11::MoveNext()
DA:971,0
DA:972,0
DA:973,0
DA:974,0
DA:975,0
DA:976,0
DA:977,0
DA:978,0
DA:981,0
DA:982,0
DA:983,0
DA:986,0
DA:987,0
DA:988,0
DA:989,0
DA:990,0
DA:991,0
DA:994,0
DA:995,0
DA:996,0
DA:998,0
DA:999,0
DA:1001,0
DA:1003,0
DA:1004,0
DA:1007,0
DA:1008,0
DA:1011,0
BRDA:973,334,0,0
BRDA:976,400,0,0
BRDA:976,400,1,0
BRDA:976,419,0,0
BRDA:976,419,1,0
BRDA:981,446,0,0
BRDA:981,446,1,0
BRDA:981,477,0,0
BRDA:981,477,1,0
BRDA:989,534,0,0
BRDA:989,534,1,0
BRDA:989,565,0,0
BRDA:989,565,1,0
BRDA:973,334,1,0
LF:890
LH:0
BRF:124
BRH:0
FNF:12
FNH:0
end_of_record
SF:e:\NashTech Training\2022Batch6Net2\RookieOnlineAssetManagement\Profiles\UserProfile.cs
FN:8,System.Void RookieOnlineAssetManagement.Profiles.UserProfile::.ctor()
FNDA:0,System.Void RookieOnlineAssetManagement.Profiles.UserProfile::.ctor()
DA:9,0
DA:10,0
DA:11,0
DA:12,0
DA:13,0
DA:14,0
DA:15,0
LF:7
LH:0
BRF:0
BRH:0
FNF:1
FNH:0
end_of_record
SF:e:\NashTech Training\2022Batch6Net2\RookieOnlineAssetManagement\Pages\Error.cshtml.cs
FN:21,System.String RookieOnlineAssetManagement.Pages.ErrorModel::get_RequestId()
FNDA:0,System.String RookieOnlineAssetManagement.Pages.ErrorModel::get_RequestId()
DA:22,0
FN:23,System.Boolean RookieOnlineAssetManagement.Pages.ErrorModel::get_ShowRequestId()
FNDA:0,System.Boolean RookieOnlineAssetManagement.Pages.ErrorModel::get_ShowRequestId()
DA:24,0
FN:26,System.Void RookieOnlineAssetManagement.Pages.ErrorModel::OnGet()
FNDA:0,System.Void RookieOnlineAssetManagement.Pages.ErrorModel::OnGet()
DA:27,0
DA:28,0
DA:29,0
BRDA:28,8,0,0
BRDA:28,8,1,0
BRDA:28,20,0,0
BRDA:28,20,1,0
FN:16,System.Void RookieOnlineAssetManagement.Pages.ErrorModel::.ctor(Microsoft.Extensions.Logging.ILogger`1<RookieOnlineAssetManagement.Pages.ErrorModel>)
FNDA:0,System.Void RookieOnlineAssetManagement.Pages.ErrorModel::.ctor(Microsoft.Extensions.Logging.ILogger`1<RookieOnlineAssetManagement.Pages.ErrorModel>)
DA:17,0
DA:18,0
DA:19,0
DA:20,0
LF:9
LH:0
BRF:4
BRH:0
FNF:4
FNH:0
end_of_record
SF:e:\NashTech Training\2022Batch6Net2\RookieOnlineAssetManagement\Pages\Error.cshtml
FN:3,System.Void RookieOnlineAssetManagement.Pages.Pages_Error/<ExecuteAsync>d__0::MoveNext()
FNDA:0,System.Void RookieOnlineAssetManagement.Pages.Pages_Error/<ExecuteAsync>d__0::MoveNext()
DA:4,0
DA:10,0
DA:11,0
DA:13,0
DA:15,0
BRDA:10,70,0,0
BRDA:10,70,1,0
LF:5
LH:0
BRF:2
BRH:0
FNF:1
FNH:0
end_of_record
SF:e:\NashTech Training\2022Batch6Net2\RookieOnlineAssetManagement\Pages\Shared\_LoginPartial.cshtml
FN:18,System.Void RookieOnlineAssetManagement.Pages.Shared.Pages_Shared__LoginPartial/<<ExecuteAsync>b__18_0>d::MoveNext()
FNDA:0,System.Void RookieOnlineAssetManagement.Pages.Shared.Pages_Shared__LoginPartial/<<ExecuteAsync>b__18_0>d::MoveNext()
DA:19,0
FN:6,System.Void RookieOnlineAssetManagement.Pages.Shared.Pages_Shared__LoginPartial/<ExecuteAsync>d__18::MoveNext()
FNDA:0,System.Void RookieOnlineAssetManagement.Pages.Shared.Pages_Shared__LoginPartial/<ExecuteAsync>d__18::MoveNext()
DA:7,0
DA:8,0
DA:9,0
DA:10,0
DA:11,0
DA:12,0
DA:16,0
DA:17,0
DA:26,0
DA:28,0
DA:30,0
DA:33,0
DA:35,0
BRDA:9,162,0,0
BRDA:9,162,1,0
BRDA:16,239,0,0
BRDA:17,665,0,0
BRDA:17,665,1,0
BRDA:17,1159,0,0
BRDA:17,1159,1,0
BRDA:17,1407,0,0
BRDA:17,1407,1,0
BRDA:16,239,1,0
BRDA:28,1875,0,0
BRDA:28,1875,1,0
BRDA:30,2198,0,0
BRDA:30,2198,1,0
BRDA:30,2642,0,0
BRDA:30,2642,1,0
BRDA:33,2965,0,0
BRDA:33,2965,1,0
LF:14
LH:0
BRF:18
BRH:0
FNF:2
FNH:0
end_of_record
SF:e:\NashTech Training\2022Batch6Net2\RookieOnlineAssetManagement\Models\ChangePasswordModel.cs
FN:4,System.String RookieOnlineAssetManagement.Models.ChangePasswordModel::get_OldPassword()
FNDA:0,System.String RookieOnlineAssetManagement.Models.ChangePasswordModel::get_OldPassword()
DA:5,0
FN:5,System.String RookieOnlineAssetManagement.Models.ChangePasswordModel::get_NewPassword()
FNDA:0,System.String RookieOnlineAssetManagement.Models.ChangePasswordModel::get_NewPassword()
DA:6,0
LF:2
LH:0
BRF:0
BRH:0
FNF:2
FNH:0
end_of_record
SF:e:\NashTech Training\2022Batch6Net2\RookieOnlineAssetManagement\Models\CreateUserDTO.cs
FN:11,System.String RookieOnlineAssetManagement.Models.CreateUserDTO::get_FirstName()
FNDA:0,System.String RookieOnlineAssetManagement.Models.CreateUserDTO::get_FirstName()
DA:12,0
FN:15,System.String RookieOnlineAssetManagement.Models.CreateUserDTO::get_LastName()
FNDA:0,System.String RookieOnlineAssetManagement.Models.CreateUserDTO::get_LastName()
DA:16,0
FN:19,System.DateTime RookieOnlineAssetManagement.Models.CreateUserDTO::get_DateofBirth()
FNDA:0,System.DateTime RookieOnlineAssetManagement.Models.CreateUserDTO::get_DateofBirth()
DA:20,0
FN:23,System.DateTime RookieOnlineAssetManagement.Models.CreateUserDTO::get_JoinedDate()
FNDA:0,System.DateTime RookieOnlineAssetManagement.Models.CreateUserDTO::get_JoinedDate()
DA:24,0
FN:27,RookieOnlineAssetManagement.Enum.UserType RookieOnlineAssetManagement.Models.CreateUserDTO::get_Type()
FNDA:0,RookieOnlineAssetManagement.Enum.UserType RookieOnlineAssetManagement.Models.CreateUserDTO::get_Type()
DA:28,0
FN:31,RookieOnlineAssetManagement.Enum.Gender RookieOnlineAssetManagement.Models.CreateUserDTO::get_Gender()
FNDA:0,RookieOnlineAssetManagement.Enum.Gender RookieOnlineAssetManagement.Models.CreateUserDTO::get_Gender()
DA:32,0
LF:6
LH:0
BRF:0
BRH:0
FNF:6
FNH:0
end_of_record
SF:e:\NashTech Training\2022Batch6Net2\RookieOnlineAssetManagement\Models\UserDTO.cs
FN:9,System.String RookieOnlineAssetManagement.Models.UserDTO::get_Id()
FNDA:0,System.String RookieOnlineAssetManagement.Models.UserDTO::get_Id()
DA:10,0
FN:13,System.String RookieOnlineAssetManagement.Models.UserDTO::get_FirstName()
FNDA:0,System.String RookieOnlineAssetManagement.Models.UserDTO::get_FirstName()
DA:14,0
FN:17,System.String RookieOnlineAssetManagement.Models.UserDTO::get_LastName()
FNDA:0,System.String RookieOnlineAssetManagement.Models.UserDTO::get_LastName()
DA:18,0
FN:19,System.String RookieOnlineAssetManagement.Models.UserDTO::get_UserName()
FNDA:0,System.String RookieOnlineAssetManagement.Models.UserDTO::get_UserName()
DA:20,0
FN:23,System.DateTime RookieOnlineAssetManagement.Models.UserDTO::get_DateofBirth()
FNDA:0,System.DateTime RookieOnlineAssetManagement.Models.UserDTO::get_DateofBirth()
DA:24,0
FN:27,System.DateTime RookieOnlineAssetManagement.Models.UserDTO::get_JoinedDate()
FNDA:0,System.DateTime RookieOnlineAssetManagement.Models.UserDTO::get_JoinedDate()
DA:28,0
FN:31,RookieOnlineAssetManagement.Enum.UserType RookieOnlineAssetManagement.Models.UserDTO::get_Type()
FNDA:0,RookieOnlineAssetManagement.Enum.UserType RookieOnlineAssetManagement.Models.UserDTO::get_Type()
DA:32,0
FN:35,RookieOnlineAssetManagement.Enum.Gender RookieOnlineAssetManagement.Models.UserDTO::get_Gender()
FNDA:0,RookieOnlineAssetManagement.Enum.Gender RookieOnlineAssetManagement.Models.UserDTO::get_Gender()
DA:36,0
FN:36,System.String RookieOnlineAssetManagement.Models.UserDTO::get_Location()
FNDA:0,System.String RookieOnlineAssetManagement.Models.UserDTO::get_Location()
DA:37,0
FN:37,System.String RookieOnlineAssetManagement.Models.UserDTO::get_StaffCode()
FNDA:0,System.String RookieOnlineAssetManagement.Models.UserDTO::get_StaffCode()
DA:38,0
LF:10
LH:0
BRF:0
BRH:0
FNF:10
FNH:0
end_of_record
SF:e:\NashTech Training\2022Batch6Net2\RookieOnlineAssetManagement\Models\UserEditDto.cs
FN:7,System.String RookieOnlineAssetManagement.Models.UserEditDto::get_UserName()
FNDA:0,System.String RookieOnlineAssetManagement.Models.UserEditDto::get_UserName()
DA:8,0
FN:8,System.String RookieOnlineAssetManagement.Models.UserEditDto::get_FullName()
FNDA:0,System.String RookieOnlineAssetManagement.Models.UserEditDto::get_FullName()
DA:9,0
FN:9,System.String RookieOnlineAssetManagement.Models.UserEditDto::get_StaffCode()
FNDA:0,System.String RookieOnlineAssetManagement.Models.UserEditDto::get_StaffCode()
DA:10,0
FN:10,System.String RookieOnlineAssetManagement.Models.UserEditDto::get_FirstName()
FNDA:0,System.String RookieOnlineAssetManagement.Models.UserEditDto::get_FirstName()
DA:11,0
FN:11,System.String RookieOnlineAssetManagement.Models.UserEditDto::get_LastName()
FNDA:0,System.String RookieOnlineAssetManagement.Models.UserEditDto::get_LastName()
DA:12,0
FN:12,System.DateTime RookieOnlineAssetManagement.Models.UserEditDto::get_JoinedDate()
FNDA:0,System.DateTime RookieOnlineAssetManagement.Models.UserEditDto::get_JoinedDate()
DA:13,0
FN:13,RookieOnlineAssetManagement.Enum.Gender RookieOnlineAssetManagement.Models.UserEditDto::get_Gender()
FNDA:0,RookieOnlineAssetManagement.Enum.Gender RookieOnlineAssetManagement.Models.UserEditDto::get_Gender()
DA:14,0
FN:14,System.DateTime RookieOnlineAssetManagement.Models.UserEditDto::get_DateofBirth()
FNDA:0,System.DateTime RookieOnlineAssetManagement.Models.UserEditDto::get_DateofBirth()
DA:15,0
FN:15,RookieOnlineAssetManagement.Enum.UserType RookieOnlineAssetManagement.Models.UserEditDto::get_Type()
FNDA:0,RookieOnlineAssetManagement.Enum.UserType RookieOnlineAssetManagement.Models.UserEditDto::get_Type()
DA:16,0
FN:16,System.String RookieOnlineAssetManagement.Models.UserEditDto::get_Location()
FNDA:0,System.String RookieOnlineAssetManagement.Models.UserEditDto::get_Location()
DA:17,0
LF:10
LH:0
BRF:0
BRH:0
FNF:10
FNH:0
end_of_record
SF:e:\NashTech Training\2022Batch6Net2\RookieOnlineAssetManagement\Models\UserGetDto.cs
FN:8,System.String RookieOnlineAssetManagement.Models.UserGetDto::get_UserName()
FNDA:0,System.String RookieOnlineAssetManagement.Models.UserGetDto::get_UserName()
DA:9,0
FN:9,System.String RookieOnlineAssetManagement.Models.UserGetDto::get_StaffCode()
FNDA:0,System.String RookieOnlineAssetManagement.Models.UserGetDto::get_StaffCode()
DA:10,0
FN:10,System.String RookieOnlineAssetManagement.Models.UserGetDto::get_FirstName()
FNDA:0,System.String RookieOnlineAssetManagement.Models.UserGetDto::get_FirstName()
DA:11,0
FN:11,System.String RookieOnlineAssetManagement.Models.UserGetDto::get_LastName()
FNDA:0,System.String RookieOnlineAssetManagement.Models.UserGetDto::get_LastName()
DA:12,0
FN:12,System.DateTime RookieOnlineAssetManagement.Models.UserGetDto::get_JoinedDate()
FNDA:0,System.DateTime RookieOnlineAssetManagement.Models.UserGetDto::get_JoinedDate()
DA:13,0
FN:13,System.DateTime RookieOnlineAssetManagement.Models.UserGetDto::get_DateofBirth()
FNDA:0,System.DateTime RookieOnlineAssetManagement.Models.UserGetDto::get_DateofBirth()
DA:14,0
FN:14,System.String RookieOnlineAssetManagement.Models.UserGetDto::get_Gender()
FNDA:0,System.String RookieOnlineAssetManagement.Models.UserGetDto::get_Gender()
DA:15,0
FN:15,RookieOnlineAssetManagement.Enum.UserType RookieOnlineAssetManagement.Models.UserGetDto::get_Type()
FNDA:0,RookieOnlineAssetManagement.Enum.UserType RookieOnlineAssetManagement.Models.UserGetDto::get_Type()
DA:16,0
LF:8
LH:0
BRF:0
BRH:0
FNF:8
FNH:0
end_of_record
SF:e:\NashTech Training\2022Batch6Net2\RookieOnlineAssetManagement\Models\UserModel.cs
FN:7,System.String RookieOnlineAssetManagement.Models.UserModel::get_Id()
FNDA:0,System.String RookieOnlineAssetManagement.Models.UserModel::get_Id()
DA:8,0
FN:8,System.String RookieOnlineAssetManagement.Models.UserModel::get_StaffCode()
FNDA:0,System.String RookieOnlineAssetManagement.Models.UserModel::get_StaffCode()
DA:9,0
FN:9,System.String RookieOnlineAssetManagement.Models.UserModel::get_FullName()
FNDA:0,System.String RookieOnlineAssetManagement.Models.UserModel::get_FullName()
DA:10,0
FN:10,System.String RookieOnlineAssetManagement.Models.UserModel::get_UserName()
FNDA:0,System.String RookieOnlineAssetManagement.Models.UserModel::get_UserName()
DA:11,0
FN:11,System.DateTime RookieOnlineAssetManagement.Models.UserModel::get_JoinedDate()
FNDA:0,System.DateTime RookieOnlineAssetManagement.Models.UserModel::get_JoinedDate()
DA:12,0
FN:12,System.DateTime RookieOnlineAssetManagement.Models.UserModel::get_DateofBirth()
FNDA:0,System.DateTime RookieOnlineAssetManagement.Models.UserModel::get_DateofBirth()
DA:13,0
FN:13,RookieOnlineAssetManagement.Enum.Gender RookieOnlineAssetManagement.Models.UserModel::get_Gender()
FNDA:0,RookieOnlineAssetManagement.Enum.Gender RookieOnlineAssetManagement.Models.UserModel::get_Gender()
DA:14,0
FN:14,System.String RookieOnlineAssetManagement.Models.UserModel::get_Location()
FNDA:0,System.String RookieOnlineAssetManagement.Models.UserModel::get_Location()
DA:15,0
FN:15,RookieOnlineAssetManagement.Enum.UserType RookieOnlineAssetManagement.Models.UserModel::get_Type()
FNDA:0,RookieOnlineAssetManagement.Enum.UserType RookieOnlineAssetManagement.Models.UserModel::get_Type()
DA:16,0
FN:16,System.Boolean RookieOnlineAssetManagement.Models.UserModel::get_isDisabled()
FNDA:0,System.Boolean RookieOnlineAssetManagement.Models.UserModel::get_isDisabled()
DA:17,0
LF:10
LH:0
BRF:0
BRH:0
FNF:10
FNH:0
end_of_record
SF:e:\NashTech Training\2022Batch6Net2\RookieOnlineAssetManagement\Migrations\20210429222316_Init.cs
FN:8,System.Void RookieOnlineAssetManagement.Migrations.Init::Up(Microsoft.EntityFrameworkCore.Migrations.MigrationBuilder)
FNDA:0,System.Void RookieOnlineAssetManagement.Migrations.Init::Up(Microsoft.EntityFrameworkCore.Migrations.MigrationBuilder)
DA:9,0
DA:10,0
DA:11,0
DA:12,0
DA:13,0
DA:14,0
DA:15,0
DA:16,0
DA:17,0
DA:18,0
DA:19,0
DA:20,0
DA:21,0
DA:22,0
DA:24,0
DA:25,0
DA:26,0
DA:27,0
DA:28,0
DA:29,0
DA:30,0
DA:31,0
DA:32,0
DA:33,0
DA:34,0
DA:35,0
DA:36,0
DA:37,0
DA:38,0
DA:39,0
DA:40,0
DA:41,0
DA:42,0
DA:43,0
DA:44,0
DA:45,0
DA:46,0
DA:47,0
DA:49,0
DA:50,0
DA:51,0
DA:52,0
DA:53,0
DA:54,0
DA:55,0
DA:56,0
DA:57,0
DA:58,0
DA:59,0
DA:60,0
DA:61,0
DA:62,0
DA:63,0
DA:64,0
DA:65,0
DA:66,0
DA:67,0
DA:68,0
DA:70,0
DA:71,0
DA:72,0
DA:73,0
DA:74,0
DA:75,0
DA:76,0
DA:77,0
DA:78,0
DA:79,0
DA:80,0
DA:81,0
DA:82,0
DA:83,0
DA:84,0
DA:85,0
DA:86,0
DA:87,0
DA:88,0
DA:89,0
DA:91,0
DA:92,0
DA:93,0
DA:94,0
DA:95,0
DA:96,0
DA:97,0
DA:98,0
DA:99,0
DA:100,0
DA:101,0
DA:102,0
DA:103,0
DA:104,0
DA:105,0
DA:106,0
DA:107,0
DA:108,0
DA:109,0
DA:111,0
DA:112,0
DA:113,0
DA:114,0
DA:115,0
DA:116,0
DA:117,0
DA:118,0
DA:119,0
DA:120,0
DA:121,0
DA:122,0
DA:123,0
DA:124,0
DA:125,0
DA:126,0
DA:127,0
DA:128,0
DA:129,0
DA:130,0
DA:131,0
DA:132,0
DA:133,0
DA:135,0
DA:136,0
DA:137,0
DA:138,0
DA:139,0
DA:140,0
DA:141,0
DA:142,0
DA:143,0
DA:144,0
DA:145,0
DA:146,0
DA:147,0
DA:148,0
DA:149,0
DA:150,0
DA:151,0
DA:152,0
DA:153,0
DA:155,0
DA:156,0
DA:157,0
DA:158,0
DA:160,0
DA:161,0
DA:162,0
DA:163,0
DA:164,0
DA:165,0
DA:167,0
DA:168,0
DA:169,0
DA:170,0
DA:172,0
DA:173,0
DA:174,0
DA:175,0
DA:177,0
DA:178,0
DA:179,0
DA:180,0
DA:182,0
DA:183,0
DA:184,0
DA:185,0
DA:187,0
DA:188,0
DA:189,0
DA:190,0
DA:191,0
DA:192,0
DA:193,0
FN:195,System.Void RookieOnlineAssetManagement.Migrations.Init::Down(Microsoft.EntityFrameworkCore.Migrations.MigrationBuilder)
FNDA:0,System.Void RookieOnlineAssetManagement.Migrations.Init::Down(Microsoft.EntityFrameworkCore.Migrations.MigrationBuilder)
DA:196,0
DA:197,0
DA:198,0
DA:200,0
DA:201,0
DA:203,0
DA:204,0
DA:206,0
DA:207,0
DA:209,0
DA:210,0
DA:212,0
DA:213,0
DA:215,0
DA:216,0
DA:217,0
LF:188
LH:0
BRF:0
BRH:0
FNF:2
FNH:0
end_of_record
SF:e:\NashTech Training\2022Batch6Net2\RookieOnlineAssetManagement\Migrations\20210429222316_Init.Designer.cs
FN:16,System.Void RookieOnlineAssetManagement.Migrations.Init::BuildTargetModel(Microsoft.EntityFrameworkCore.ModelBuilder)
FNDA:0,System.Void RookieOnlineAssetManagement.Migrations.Init::BuildTargetModel(Microsoft.EntityFrameworkCore.ModelBuilder)
DA:17,0
DA:19,0
DA:20,0
DA:21,0
DA:22,0
DA:24,0
DA:25,0
DA:26,0
DA:27,0
DA:28,0
DA:29,0
DA:30,0
DA:31,0
DA:32,0
DA:33,0
DA:34,0
DA:35,0
DA:36,0
DA:37,0
DA:38,0
DA:39,0
DA:40,0
DA:41,0
DA:42,0
DA:43,0
DA:44,0
DA:45,0
DA:46,0
DA:47,0
DA:48,0
DA:49,0
DA:51,0
DA:52,0
DA:53,0
DA:54,0
DA:55,0
DA:56,0
DA:57,0
DA:58,0
DA:59,0
DA:60,0
DA:61,0
DA:62,0
DA:63,0
DA:64,0
DA:65,0
DA:66,0
DA:67,0
DA:68,0
DA:69,0
DA:70,0
DA:71,0
DA:72,0
DA:73,0
DA:75,0
DA:76,0
DA:77,0
DA:78,0
DA:79,0
DA:80,0
DA:81,0
DA:82,0
DA:83,0
DA:84,0
DA:85,0
DA:86,0
DA:87,0
DA:88,0
DA:89,0
DA:90,0
DA:91,0
DA:92,0
DA:93,0
DA:94,0
DA:95,0
DA:96,0
DA:97,0
DA:99,0
DA:100,0
DA:101,0
DA:102,0
DA:103,0
DA:104,0
DA:105,0
DA:106,0
DA:107,0
DA:108,0
DA:109,0
DA:110,0
DA:111,0
DA:112,0
DA:113,0
DA:114,0
DA:115,0
DA:116,0
DA:117,0
DA:118,0
DA:119,0
DA:120,0
DA:121,0
DA:123,0
DA:124,0
DA:125,0
DA:126,0
DA:127,0
DA:128,0
DA:129,0
DA:130,0
DA:131,0
DA:132,0
DA:133,0
DA:134,0
DA:135,0
DA:136,0
DA:138,0
DA:139,0
DA:140,0
DA:141,0
DA:142,0
DA:143,0
DA:144,0
DA:145,0
DA:146,0
DA:147,0
DA:148,0
DA:149,0
DA:150,0
DA:151,0
DA:152,0
DA:153,0
DA:154,0
DA:155,0
DA:156,0
DA:157,0
DA:159,0
DA:160,0
DA:161,0
DA:162,0
DA:163,0
DA:164,0
DA:165,0
DA:166,0
DA:167,0
DA:168,0
DA:169,0
DA:170,0
DA:171,0
DA:172,0
DA:173,0
DA:174,0
DA:175,0
DA:176,0
DA:177,0
DA:178,0
DA:179,0
DA:180,0
DA:181,0
DA:182,0
DA:183,0
DA:184,0
DA:185,0
DA:186,0
DA:187,0
DA:188,0
DA:189,0
DA:190,0
DA:191,0
DA:192,0
DA:193,0
DA:194,0
DA:195,0
DA:196,0
DA:197,0
DA:198,0
DA:199,0
DA:200,0
DA:201,0
DA:202,0
DA:203,0
DA:204,0
DA:205,0
DA:206,0
DA:207,0
DA:208,0
DA:209,0
DA:210,0
DA:211,0
DA:212,0
DA:213,0
DA:214,0
DA:215,0
DA:216,0
DA:217,0
DA:218,0
DA:219,0
DA:220,0
DA:221,0
DA:222,0
DA:224,0
DA:225,0
DA:226,0
DA:227,0
DA:228,0
DA:229,0
DA:230,0
DA:231,0
DA:233,0
DA:234,0
DA:235,0
DA:236,0
DA:237,0
DA:238,0
DA:239,0
DA:240,0
DA:242,0
DA:243,0
DA:244,0
DA:245,0
DA:246,0
DA:247,0
DA:248,0
DA:249,0
DA:251,0
DA:252,0
DA:253,0
DA:254,0
DA:255,0
DA:256,0
DA:257,0
DA:258,0
DA:259,0
DA:260,0
DA:261,0
DA:262,0
DA:263,0
DA:264,0
DA:266,0
DA:267,0
DA:268,0
DA:269,0
DA:270,0
DA:271,0
DA:272,0
DA:273,0
DA:275,0
LF:245
LH:0
BRF:0
BRH:0
FNF:1
FNH:0
end_of_record
SF:e:\NashTech Training\2022Batch6Net2\RookieOnlineAssetManagement\Migrations\20221117122351_ModifyEntity.cs
FN:10,System.Void RookieOnlineAssetManagement.Migrations.ModifyEntity::Up(Microsoft.EntityFrameworkCore.Migrations.MigrationBuilder)
FNDA:0,System.Void RookieOnlineAssetManagement.Migrations.ModifyEntity::Up(Microsoft.EntityFrameworkCore.Migrations.MigrationBuilder)
DA:11,0
DA:12,0
DA:13,0
DA:14,0
DA:15,0
DA:16,0
DA:17,0
DA:19,0
DA:20,0
DA:21,0
DA:22,0
DA:23,0
DA:25,0
DA:26,0
DA:27,0
DA:28,0
DA:29,0
DA:30,0
DA:32,0
DA:33,0
DA:34,0
DA:35,0
DA:36,0
DA:37,0
DA:39,0
DA:40,0
DA:41,0
DA:42,0
DA:43,0
DA:44,0
DA:46,0
DA:47,0
DA:48,0
DA:49,0
DA:50,0
DA:52,0
DA:53,0
DA:54,0
DA:55,0
DA:56,0
DA:58,0
DA:59,0
DA:60,0
DA:61,0
DA:62,0
DA:64,0
DA:65,0
DA:66,0
DA:67,0
DA:68,0
DA:69,0
DA:71,0
DA:72,0
DA:73,0
DA:74,0
DA:75,0
DA:76,0
DA:77,0
DA:78,0
DA:79,0
DA:80,0
DA:81,0
DA:83,0
DA:84,0
DA:85,0
DA:86,0
DA:87,0
DA:88,0
DA:89,0
DA:90,0
DA:91,0
DA:92,0
DA:93,0
DA:94,0
DA:95,0
DA:96,0
DA:97,0
DA:98,0
DA:99,0
DA:100,0
DA:101,0
DA:102,0
DA:103,0
DA:104,0
DA:105,0
DA:106,0
DA:107,0
DA:108,0
DA:109,0
DA:110,0
DA:111,0
DA:112,0
DA:113,0
DA:115,0
DA:116,0
DA:117,0
DA:118,0
DA:120,0
DA:121,0
DA:122,0
DA:123,0
DA:125,0
DA:126,0
DA:127,0
DA:128,0
DA:129,0
FN:131,System.Void RookieOnlineAssetManagement.Migrations.ModifyEntity::Down(Microsoft.EntityFrameworkCore.Migrations.MigrationBuilder)
FNDA:0,System.Void RookieOnlineAssetManagement.Migrations.ModifyEntity::Down(Microsoft.EntityFrameworkCore.Migrations.MigrationBuilder)
DA:132,0
DA:133,0
DA:134,0
DA:136,0
DA:137,0
DA:139,0
DA:140,0
DA:141,0
DA:143,0
DA:144,0
DA:145,0
DA:147,0
DA:148,0
DA:149,0
DA:151,0
DA:152,0
DA:153,0
DA:155,0
DA:156,0
DA:157,0
DA:159,0
DA:160,0
DA:161,0
DA:163,0
DA:164,0
DA:165,0
DA:167,0
DA:168,0
DA:169,0
DA:171,0
DA:172,0
DA:173,0
DA:174,0
LF:139
LH:0
BRF:0
BRH:0
FNF:2
FNH:0
end_of_record
SF:e:\NashTech Training\2022Batch6Net2\RookieOnlineAssetManagement\Migrations\20221117122351_ModifyEntity.Designer.cs
FN:18,System.Void RookieOnlineAssetManagement.Migrations.ModifyEntity::BuildTargetModel(Microsoft.EntityFrameworkCore.ModelBuilder)
FNDA:0,System.Void RookieOnlineAssetManagement.Migrations.ModifyEntity::BuildTargetModel(Microsoft.EntityFrameworkCore.ModelBuilder)
DA:19,0
DA:21,0
DA:22,0
DA:23,0
DA:25,0
DA:27,0
DA:28,0
DA:29,0
DA:30,0
DA:31,0
DA:32,0
DA:33,0
DA:34,0
DA:35,0
DA:36,0
DA:37,0
DA:38,0
DA:39,0
DA:40,0
DA:41,0
DA:42,0
DA:43,0
DA:44,0
DA:45,0
DA:46,0
DA:47,0
DA:48,0
DA:49,0
DA:50,0
DA:51,0
DA:52,0
DA:54,0
DA:55,0
DA:56,0
DA:57,0
DA:58,0
DA:59,0
DA:60,0
DA:61,0
DA:62,0
DA:63,0
DA:64,0
DA:65,0
DA:66,0
DA:67,0
DA:68,0
DA:69,0
DA:70,0
DA:71,0
DA:72,0
DA:73,0
DA:74,0
DA:75,0
DA:76,0
DA:77,0
DA:79,0
DA:80,0
DA:81,0
DA:82,0
DA:83,0
DA:84,0
DA:85,0
DA:86,0
DA:87,0
DA:88,0
DA:89,0
DA:90,0
DA:91,0
DA:92,0
DA:93,0
DA:94,0
DA:95,0
DA:96,0
DA:97,0
DA:98,0
DA:99,0
DA:100,0
DA:101,0
DA:102,0
DA:104,0
DA:105,0
DA:106,0
DA:107,0
DA:108,0
DA:109,0
DA:110,0
DA:111,0
DA:112,0
DA:113,0
DA:114,0
DA:115,0
DA:116,0
DA:117,0
DA:118,0
DA:119,0
DA:120,0
DA:121,0
DA:122,0
DA:123,0
DA:124,0
DA:125,0
DA:126,0
DA:128,0
DA:129,0
DA:130,0
DA:131,0
DA:132,0
DA:133,0
DA:134,0
DA:135,0
DA:136,0
DA:137,0
DA:138,0
DA:139,0
DA:140,0
DA:141,0
DA:143,0
DA:144,0
DA:145,0
DA:146,0
DA:147,0
DA:148,0
DA:149,0
DA:150,0
DA:151,0
DA:152,0
DA:153,0
DA:154,0
DA:155,0
DA:156,0
DA:157,0
DA:158,0
DA:159,0
DA:160,0
DA:161,0
DA:162,0
DA:164,0
DA:165,0
DA:166,0
DA:167,0
DA:168,0
DA:169,0
DA:170,0
DA:171,0
DA:172,0
DA:173,0
DA:174,0
DA:175,0
DA:177,0
DA:178,0
DA:179,0
DA:180,0
DA:181,0
DA:182,0
DA:183,0
DA:184,0
DA:185,0
DA:186,0
DA:187,0
DA:188,0
DA:189,0
DA:190,0
DA:191,0
DA:192,0
DA:193,0
DA:194,0
DA:195,0
DA:196,0
DA:197,0
DA:198,0
DA:199,0
DA:200,0
DA:201,0
DA:202,0
DA:203,0
DA:204,0
DA:205,0
DA:206,0
DA:207,0
DA:208,0
DA:209,0
DA:210,0
DA:211,0
DA:213,0
DA:214,0
DA:215,0
DA:216,0
DA:217,0
DA:218,0
DA:219,0
DA:220,0
DA:221,0
DA:222,0
DA:223,0
DA:224,0
DA:225,0
DA:226,0
DA:227,0
DA:228,0
DA:229,0
DA:230,0
DA:231,0
DA:232,0
DA:233,0
DA:234,0
DA:235,0
DA:236,0
DA:237,0
DA:238,0
DA:239,0
DA:240,0
DA:241,0
DA:242,0
DA:243,0
DA:244,0
DA:245,0
DA:246,0
DA:247,0
DA:248,0
DA:249,0
DA:250,0
DA:251,0
DA:252,0
DA:253,0
DA:254,0
DA:255,0
DA:256,0
DA:257,0
DA:258,0
DA:259,0
DA:260,0
DA:261,0
DA:262,0
DA:263,0
DA:264,0
DA:265,0
DA:266,0
DA:267,0
DA:268,0
DA:269,0
DA:270,0
DA:271,0
DA:272,0
DA:273,0
DA:274,0
DA:275,0
DA:276,0
DA:277,0
DA:278,0
DA:279,0
DA:280,0
DA:281,0
DA:282,0
DA:283,0
DA:284,0
DA:285,0
DA:286,0
DA:287,0
DA:288,0
DA:289,0
DA:290,0
DA:291,0
DA:292,0
DA:293,0
DA:294,0
DA:295,0
DA:296,0
DA:297,0
DA:298,0
DA:299,0
DA:300,0
DA:301,0
DA:302,0
DA:303,0
DA:305,0
DA:306,0
DA:307,0
DA:308,0
DA:309,0
DA:310,0
DA:311,0
DA:312,0
DA:314,0
DA:315,0
DA:316,0
DA:317,0
DA:318,0
DA:319,0
DA:320,0
DA:321,0
DA:323,0
DA:324,0
DA:325,0
DA:326,0
DA:327,0
DA:328,0
DA:329,0
DA:330,0
DA:332,0
DA:333,0
DA:334,0
DA:335,0
DA:336,0
DA:337,0
DA:338,0
DA:339,0
DA:340,0
DA:341,0
DA:342,0
DA:343,0
DA:344,0
DA:345,0
DA:347,0
DA:348,0
DA:349,0
DA:350,0
DA:351,0
DA:352,0
DA:353,0
DA:354,0
DA:356,0
DA:357,0
DA:358,0
DA:359,0
DA:360,0
DA:361,0
DA:362,0
DA:363,0
DA:364,0
DA:365,0
DA:366,0
DA:367,0
DA:368,0
DA:369,0
DA:370,0
DA:371,0
DA:372,0
DA:373,0
DA:374,0
DA:375,0
DA:376,0
DA:377,0
DA:379,0
DA:380,0
DA:381,0
DA:382,0
DA:384,0
DA:385,0
DA:386,0
DA:387,0
DA:388,0
DA:389,0
DA:391,0
LF:353
LH:0
BRF:0
BRH:0
FNF:1
FNH:0
end_of_record
SF:e:\NashTech Training\2022Batch6Net2\RookieOnlineAssetManagement\Migrations\20221118062608_AddTableFirstLogin.cs
FN:9,System.Void RookieOnlineAssetManagement.Migrations.AddTableFirstLogin::Up(Microsoft.EntityFrameworkCore.Migrations.MigrationBuilder)
FNDA:0,System.Void RookieOnlineAssetManagement.Migrations.AddTableFirstLogin::Up(Microsoft.EntityFrameworkCore.Migrations.MigrationBuilder)
DA:10,0
DA:11,0
DA:12,0
DA:13,0
DA:14,0
DA:15,0
DA:16,0
DA:17,0
FN:19,System.Void RookieOnlineAssetManagement.Migrations.AddTableFirstLogin::Down(Microsoft.EntityFrameworkCore.Migrations.MigrationBuilder)
FNDA:0,System.Void RookieOnlineAssetManagement.Migrations.AddTableFirstLogin::Down(Microsoft.EntityFrameworkCore.Migrations.MigrationBuilder)
DA:20,0
DA:21,0
DA:22,0
DA:23,0
DA:24,0
LF:13
LH:0
BRF:0
BRH:0
FNF:2
FNH:0
end_of_record
SF:e:\NashTech Training\2022Batch6Net2\RookieOnlineAssetManagement\Migrations\20221118062608_AddTableFirstLogin.Designer.cs
FN:18,System.Void RookieOnlineAssetManagement.Migrations.AddTableFirstLogin::BuildTargetModel(Microsoft.EntityFrameworkCore.ModelBuilder)
FNDA:0,System.Void RookieOnlineAssetManagement.Migrations.AddTableFirstLogin::BuildTargetModel(Microsoft.EntityFrameworkCore.ModelBuilder)
DA:19,0
DA:21,0
DA:22,0
DA:23,0
DA:25,0
DA:27,0
DA:28,0
DA:29,0
DA:30,0
DA:31,0
DA:32,0
DA:33,0
DA:34,0
DA:35,0
DA:36,0
DA:37,0
DA:38,0
DA:39,0
DA:40,0
DA:41,0
DA:42,0
DA:43,0
DA:44,0
DA:45,0
DA:46,0
DA:47,0
DA:48,0
DA:49,0
DA:50,0
DA:51,0
DA:52,0
DA:54,0
DA:55,0
DA:56,0
DA:57,0
DA:58,0
DA:59,0
DA:60,0
DA:61,0
DA:62,0
DA:63,0
DA:64,0
DA:65,0
DA:66,0
DA:67,0
DA:68,0
DA:69,0
DA:70,0
DA:71,0
DA:72,0
DA:73,0
DA:74,0
DA:75,0
DA:76,0
DA:77,0
DA:79,0
DA:80,0
DA:81,0
DA:82,0
DA:83,0
DA:84,0
DA:85,0
DA:86,0
DA:87,0
DA:88,0
DA:89,0
DA:90,0
DA:91,0
DA:92,0
DA:93,0
DA:94,0
DA:95,0
DA:96,0
DA:97,0
DA:98,0
DA:99,0
DA:100,0
DA:101,0
DA:102,0
DA:104,0
DA:105,0
DA:106,0
DA:107,0
DA:108,0
DA:109,0
DA:110,0
DA:111,0
DA:112,0
DA:113,0
DA:114,0
DA:115,0
DA:116,0
DA:117,0
DA:118,0
DA:119,0
DA:120,0
DA:121,0
DA:122,0
DA:123,0
DA:124,0
DA:125,0
DA:126,0
DA:128,0
DA:129,0
DA:130,0
DA:131,0
DA:132,0
DA:133,0
DA:134,0
DA:135,0
DA:136,0
DA:137,0
DA:138,0
DA:139,0
DA:140,0
DA:141,0
DA:143,0
DA:144,0
DA:145,0
DA:146,0
DA:147,0
DA:148,0
DA:149,0
DA:150,0
DA:151,0
DA:152,0
DA:153,0
DA:154,0
DA:155,0
DA:156,0
DA:157,0
DA:158,0
DA:159,0
DA:160,0
DA:161,0
DA:162,0
DA:164,0
DA:165,0
DA:166,0
DA:167,0
DA:168,0
DA:169,0
DA:170,0
DA:171,0
DA:172,0
DA:173,0
DA:174,0
DA:175,0
DA:177,0
DA:178,0
DA:179,0
DA:180,0
DA:181,0
DA:182,0
DA:183,0
DA:184,0
DA:185,0
DA:186,0
DA:187,0
DA:188,0
DA:189,0
DA:190,0
DA:191,0
DA:192,0
DA:193,0
DA:194,0
DA:195,0
DA:196,0
DA:197,0
DA:198,0
DA:199,0
DA:200,0
DA:201,0
DA:202,0
DA:203,0
DA:204,0
DA:205,0
DA:206,0
DA:207,0
DA:208,0
DA:209,0
DA:210,0
DA:211,0
DA:213,0
DA:214,0
DA:215,0
DA:216,0
DA:217,0
DA:218,0
DA:219,0
DA:220,0
DA:221,0
DA:222,0
DA:223,0
DA:224,0
DA:225,0
DA:226,0
DA:227,0
DA:228,0
DA:229,0
DA:230,0
DA:231,0
DA:232,0
DA:233,0
DA:234,0
DA:235,0
DA:236,0
DA:237,0
DA:238,0
DA:239,0
DA:240,0
DA:241,0
DA:242,0
DA:243,0
DA:244,0
DA:245,0
DA:246,0
DA:247,0
DA:248,0
DA:249,0
DA:250,0
DA:251,0
DA:252,0
DA:253,0
DA:254,0
DA:255,0
DA:256,0
DA:257,0
DA:258,0
DA:259,0
DA:260,0
DA:261,0
DA:262,0
DA:263,0
DA:264,0
DA:265,0
DA:266,0
DA:267,0
DA:268,0
DA:269,0
DA:270,0
DA:271,0
DA:272,0
DA:273,0
DA:274,0
DA:275,0
DA:276,0
DA:277,0
DA:278,0
DA:279,0
DA:280,0
DA:281,0
DA:282,0
DA:283,0
DA:284,0
DA:285,0
DA:286,0
DA:287,0
DA:288,0
DA:289,0
DA:290,0
DA:291,0
DA:292,0
DA:293,0
DA:294,0
DA:295,0
DA:296,0
DA:297,0
DA:298,0
DA:299,0
DA:300,0
DA:301,0
DA:302,0
DA:303,0
DA:304,0
DA:305,0
DA:306,0
DA:308,0
DA:309,0
DA:310,0
DA:311,0
DA:312,0
DA:313,0
DA:314,0
DA:315,0
DA:317,0
DA:318,0
DA:319,0
DA:320,0
DA:321,0
DA:322,0
DA:323,0
DA:324,0
DA:326,0
DA:327,0
DA:328,0
DA:329,0
DA:330,0
DA:331,0
DA:332,0
DA:333,0
DA:335,0
DA:336,0
DA:337,0
DA:338,0
DA:339,0
DA:340,0
DA:341,0
DA:342,0
DA:343,0
DA:344,0
DA:345,0
DA:346,0
DA:347,0
DA:348,0
DA:350,0
DA:351,0
DA:352,0
DA:353,0
DA:354,0
DA:355,0
DA:356,0
DA:357,0
DA:359,0
DA:360,0
DA:361,0
DA:362,0
DA:363,0
DA:364,0
DA:365,0
DA:366,0
DA:367,0
DA:368,0
DA:369,0
DA:370,0
DA:371,0
DA:372,0
DA:373,0
DA:374,0
DA:375,0
DA:376,0
DA:377,0
DA:378,0
DA:379,0
DA:380,0
DA:382,0
DA:383,0
DA:384,0
DA:385,0
DA:387,0
DA:388,0
DA:389,0
DA:390,0
DA:391,0
DA:392,0
DA:394,0
LF:356
LH:0
BRF:0
BRH:0
FNF:1
FNH:0
end_of_record
SF:e:\NashTech Training\2022Batch6Net2\RookieOnlineAssetManagement\Migrations\20221120111207_ChangePropJoinedDayToJoinedDateInUserEntity.cs
FN:9,System.Void RookieOnlineAssetManagement.Migrations.ChangePropJoinedDayToJoinedDateInUserEntity::Up(Microsoft.EntityFrameworkCore.Migrations.MigrationBuilder)
FNDA:0,System.Void RookieOnlineAssetManagement.Migrations.ChangePropJoinedDayToJoinedDateInUserEntity::Up(Microsoft.EntityFrameworkCore.Migrations.MigrationBuilder)
DA:10,0
DA:11,0
DA:12,0
DA:13,0
DA:14,0
DA:15,0
FN:17,System.Void RookieOnlineAssetManagement.Migrations.ChangePropJoinedDayToJoinedDateInUserEntity::Down(Microsoft.EntityFrameworkCore.Migrations.MigrationBuilder)
FNDA:0,System.Void RookieOnlineAssetManagement.Migrations.ChangePropJoinedDayToJoinedDateInUserEntity::Down(Microsoft.EntityFrameworkCore.Migrations.MigrationBuilder)
DA:18,0
DA:19,0
DA:20,0
DA:21,0
DA:22,0
DA:23,0
LF:12
LH:0
BRF:0
BRH:0
FNF:2
FNH:0
end_of_record
SF:e:\NashTech Training\2022Batch6Net2\RookieOnlineAssetManagement\Migrations\20221120111207_ChangePropJoinedDayToJoinedDateInUserEntity.Designer.cs
FN:18,System.Void RookieOnlineAssetManagement.Migrations.ChangePropJoinedDayToJoinedDateInUserEntity::BuildTargetModel(Microsoft.EntityFrameworkCore.ModelBuilder)
FNDA:0,System.Void RookieOnlineAssetManagement.Migrations.ChangePropJoinedDayToJoinedDateInUserEntity::BuildTargetModel(Microsoft.EntityFrameworkCore.ModelBuilder)
DA:19,0
DA:21,0
DA:22,0
DA:23,0
DA:25,0
DA:27,0
DA:28,0
DA:29,0
DA:30,0
DA:31,0
DA:32,0
DA:33,0
DA:34,0
DA:35,0
DA:36,0
DA:37,0
DA:38,0
DA:39,0
DA:40,0
DA:41,0
DA:42,0
DA:43,0
DA:44,0
DA:45,0
DA:46,0
DA:47,0
DA:48,0
DA:49,0
DA:50,0
DA:51,0
DA:52,0
DA:54,0
DA:55,0
DA:56,0
DA:57,0
DA:58,0
DA:59,0
DA:60,0
DA:61,0
DA:62,0
DA:63,0
DA:64,0
DA:65,0
DA:66,0
DA:67,0
DA:68,0
DA:69,0
DA:70,0
DA:71,0
DA:72,0
DA:73,0
DA:74,0
DA:75,0
DA:76,0
DA:77,0
DA:79,0
DA:80,0
DA:81,0
DA:82,0
DA:83,0
DA:84,0
DA:85,0
DA:86,0
DA:87,0
DA:88,0
DA:89,0
DA:90,0
DA:91,0
DA:92,0
DA:93,0
DA:94,0
DA:95,0
DA:96,0
DA:97,0
DA:98,0
DA:99,0
DA:100,0
DA:101,0
DA:102,0
DA:104,0
DA:105,0
DA:106,0
DA:107,0
DA:108,0
DA:109,0
DA:110,0
DA:111,0
DA:112,0
DA:113,0
DA:114,0
DA:115,0
DA:116,0
DA:117,0
DA:118,0
DA:119,0
DA:120,0
DA:121,0
DA:122,0
DA:123,0
DA:124,0
DA:125,0
DA:126,0
DA:128,0
DA:129,0
DA:130,0
DA:131,0
DA:132,0
DA:133,0
DA:134,0
DA:135,0
DA:136,0
DA:137,0
DA:138,0
DA:139,0
DA:140,0
DA:141,0
DA:143,0
DA:144,0
DA:145,0
DA:146,0
DA:147,0
DA:148,0
DA:149,0
DA:150,0
DA:151,0
DA:152,0
DA:153,0
DA:154,0
DA:155,0
DA:156,0
DA:157,0
DA:158,0
DA:159,0
DA:160,0
DA:161,0
DA:162,0
DA:164,0
DA:165,0
DA:166,0
DA:167,0
DA:168,0
DA:169,0
DA:170,0
DA:171,0
DA:172,0
DA:173,0
DA:174,0
DA:175,0
DA:177,0
DA:178,0
DA:179,0
DA:180,0
DA:181,0
DA:182,0
DA:183,0
DA:184,0
DA:185,0
DA:186,0
DA:187,0
DA:188,0
DA:189,0
DA:190,0
DA:191,0
DA:192,0
DA:193,0
DA:194,0
DA:195,0
DA:196,0
DA:197,0
DA:198,0
DA:199,0
DA:200,0
DA:201,0
DA:202,0
DA:203,0
DA:204,0
DA:205,0
DA:206,0
DA:207,0
DA:208,0
DA:209,0
DA:210,0
DA:211,0
DA:213,0
DA:214,0
DA:215,0
DA:216,0
DA:217,0
DA:218,0
DA:219,0
DA:220,0
DA:221,0
DA:222,0
DA:223,0
DA:224,0
DA:225,0
DA:226,0
DA:227,0
DA:228,0
DA:229,0
DA:230,0
DA:231,0
DA:232,0
DA:233,0
DA:234,0
DA:235,0
DA:236,0
DA:237,0
DA:238,0
DA:239,0
DA:240,0
DA:241,0
DA:242,0
DA:243,0
DA:244,0
DA:245,0
DA:246,0
DA:247,0
DA:248,0
DA:249,0
DA:250,0
DA:251,0
DA:252,0
DA:253,0
DA:254,0
DA:255,0
DA:256,0
DA:257,0
DA:258,0
DA:259,0
DA:260,0
DA:261,0
DA:262,0
DA:263,0
DA:264,0
DA:265,0
DA:266,0
DA:267,0
DA:268,0
DA:269,0
DA:270,0
DA:271,0
DA:272,0
DA:273,0
DA:274,0
DA:275,0
DA:276,0
DA:277,0
DA:278,0
DA:279,0
DA:280,0
DA:281,0
DA:282,0
DA:283,0
DA:284,0
DA:285,0
DA:286,0
DA:287,0
DA:288,0
DA:289,0
DA:290,0
DA:291,0
DA:292,0
DA:293,0
DA:294,0
DA:295,0
DA:296,0
DA:297,0
DA:298,0
DA:299,0
DA:300,0
DA:301,0
DA:302,0
DA:303,0
DA:304,0
DA:305,0
DA:306,0
DA:308,0
DA:309,0
DA:310,0
DA:311,0
DA:312,0
DA:313,0
DA:314,0
DA:315,0
DA:317,0
DA:318,0
DA:319,0
DA:320,0
DA:321,0
DA:322,0
DA:323,0
DA:324,0
DA:326,0
DA:327,0
DA:328,0
DA:329,0
DA:330,0
DA:331,0
DA:332,0
DA:333,0
DA:335,0
DA:336,0
DA:337,0
DA:338,0
DA:339,0
DA:340,0
DA:341,0
DA:342,0
DA:343,0
DA:344,0
DA:345,0
DA:346,0
DA:347,0
DA:348,0
DA:350,0
DA:351,0
DA:352,0
DA:353,0
DA:354,0
DA:355,0
DA:356,0
DA:357,0
DA:359,0
DA:360,0
DA:361,0
DA:362,0
DA:363,0
DA:364,0
DA:365,0
DA:366,0
DA:367,0
DA:368,0
DA:369,0
DA:370,0
DA:371,0
DA:372,0
DA:373,0
DA:374,0
DA:375,0
DA:376,0
DA:377,0
DA:378,0
DA:379,0
DA:380,0
DA:382,0
DA:383,0
DA:384,0
DA:385,0
DA:387,0
DA:388,0
DA:389,0
DA:390,0
DA:391,0
DA:392,0
DA:394,0
LF:356
LH:0
BRF:0
BRH:0
FNF:1
FNH:0
end_of_record
SF:e:\NashTech Training\2022Batch6Net2\RookieOnlineAssetManagement\Migrations\ApplicationDbContextModelSnapshot.cs
FN:16,System.Void RookieOnlineAssetManagement.Migrations.ApplicationDbContextModelSnapshot::BuildModel(Microsoft.EntityFrameworkCore.ModelBuilder)
FNDA:0,System.Void RookieOnlineAssetManagement.Migrations.ApplicationDbContextModelSnapshot::BuildModel(Microsoft.EntityFrameworkCore.ModelBuilder)
DA:17,0
DA:19,0
DA:20,0
DA:21,0
DA:23,0
DA:25,0
DA:26,0
DA:27,0
DA:28,0
DA:29,0
DA:30,0
DA:31,0
DA:32,0
DA:33,0
DA:34,0
DA:35,0
DA:36,0
DA:37,0
DA:38,0
DA:39,0
DA:40,0
DA:41,0
DA:42,0
DA:43,0
DA:44,0
DA:45,0
DA:46,0
DA:47,0
DA:48,0
DA:49,0
DA:50,0
DA:52,0
DA:53,0
DA:54,0
DA:55,0
DA:56,0
DA:57,0
DA:58,0
DA:59,0
DA:60,0
DA:61,0
DA:62,0
DA:63,0
DA:64,0
DA:65,0
DA:66,0
DA:67,0
DA:68,0
DA:69,0
DA:70,0
DA:71,0
DA:72,0
DA:73,0
DA:74,0
DA:75,0
DA:77,0
DA:78,0
DA:79,0
DA:80,0
DA:81,0
DA:82,0
DA:83,0
DA:84,0
DA:85,0
DA:86,0
DA:87,0
DA:88,0
DA:89,0
DA:90,0
DA:91,0
DA:92,0
DA:93,0
DA:94,0
DA:95,0
DA:96,0
DA:97,0
DA:98,0
DA:99,0
DA:100,0
DA:102,0
DA:103,0
DA:104,0
DA:105,0
DA:106,0
DA:107,0
DA:108,0
DA:109,0
DA:110,0
DA:111,0
DA:112,0
DA:113,0
DA:114,0
DA:115,0
DA:116,0
DA:117,0
DA:118,0
DA:119,0
DA:120,0
DA:121,0
DA:122,0
DA:123,0
DA:124,0
DA:126,0
DA:127,0
DA:128,0
DA:129,0
DA:130,0
DA:131,0
DA:132,0
DA:133,0
DA:134,0
DA:135,0
DA:136,0
DA:137,0
DA:138,0
DA:139,0
DA:141,0
DA:142,0
DA:143,0
DA:144,0
DA:145,0
DA:146,0
DA:147,0
DA:148,0
DA:149,0
DA:150,0
DA:151,0
DA:152,0
DA:153,0
DA:154,0
DA:155,0
DA:156,0
DA:157,0
DA:158,0
DA:159,0
DA:160,0
DA:162,0
DA:163,0
DA:164,0
DA:165,0
DA:166,0
DA:167,0
DA:168,0
DA:169,0
DA:170,0
DA:171,0
DA:172,0
DA:173,0
DA:175,0
DA:176,0
DA:177,0
DA:178,0
DA:179,0
DA:180,0
DA:181,0
DA:182,0
DA:183,0
DA:184,0
DA:185,0
DA:186,0
DA:187,0
DA:188,0
DA:189,0
DA:190,0
DA:191,0
DA:192,0
DA:193,0
DA:194,0
DA:195,0
DA:196,0
DA:197,0
DA:198,0
DA:199,0
DA:200,0
DA:201,0
DA:202,0
DA:203,0
DA:204,0
DA:205,0
DA:206,0
DA:207,0
DA:208,0
DA:209,0
DA:211,0
DA:212,0
DA:213,0
DA:214,0
DA:215,0
DA:216,0
DA:217,0
DA:218,0
DA:219,0
DA:220,0
DA:221,0
DA:222,0
DA:223,0
DA:224,0
DA:225,0
DA:226,0
DA:227,0
DA:228,0
DA:229,0
DA:230,0
DA:231,0
DA:232,0
DA:233,0
DA:234,0
DA:235,0
DA:236,0
DA:237,0
DA:238,0
DA:239,0
DA:240,0
DA:241,0
DA:242,0
DA:243,0
DA:244,0
DA:245,0
DA:246,0
DA:247,0
DA:248,0
DA:249,0
DA:250,0
DA:251,0
DA:252,0
DA:253,0
DA:254,0
DA:255,0
DA:256,0
DA:257,0
DA:258,0
DA:259,0
DA:260,0
DA:261,0
DA:262,0
DA:263,0
DA:264,0
DA:265,0
DA:266,0
DA:267,0
DA:268,0
DA:269,0
DA:270,0
DA:271,0
DA:272,0
DA:273,0
DA:274,0
DA:275,0
DA:276,0
DA:277,0
DA:278,0
DA:279,0
DA:280,0
DA:281,0
DA:282,0
DA:283,0
DA:284,0
DA:285,0
DA:286,0
DA:287,0
DA:288,0
DA:289,0
DA:290,0
DA:291,0
DA:292,0
DA:293,0
DA:294,0
DA:295,0
DA:296,0
DA:297,0
DA:298,0
DA:299,0
DA:300,0
DA:301,0
DA:302,0
DA:303,0
DA:304,0
DA:306,0
DA:307,0
DA:308,0
DA:309,0
DA:310,0
DA:311,0
DA:312,0
DA:313,0
DA:315,0
DA:316,0
DA:317,0
DA:318,0
DA:319,0
DA:320,0
DA:321,0
DA:322,0
DA:324,0
DA:325,0
DA:326,0
DA:327,0
DA:328,0
DA:329,0
DA:330,0
DA:331,0
DA:333,0
DA:334,0
DA:335,0
DA:336,0
DA:337,0
DA:338,0
DA:339,0
DA:340,0
DA:341,0
DA:342,0
DA:343,0
DA:344,0
DA:345,0
DA:346,0
DA:348,0
DA:349,0
DA:350,0
DA:351,0
DA:352,0
DA:353,0
DA:354,0
DA:355,0
DA:357,0
DA:358,0
DA:359,0
DA:360,0
DA:361,0
DA:362,0
DA:363,0
DA:364,0
DA:365,0
DA:366,0
DA:367,0
DA:368,0
DA:369,0
DA:370,0
DA:371,0
DA:372,0
DA:373,0
DA:374,0
DA:375,0
DA:376,0
DA:377,0
DA:378,0
DA:380,0
DA:381,0
DA:382,0
DA:383,0
DA:385,0
DA:386,0
DA:387,0
DA:388,0
DA:389,0
DA:390,0
DA:392,0
LF:356
LH:0
BRF:0
BRH:0
FNF:1
FNH:0
end_of_record
SF:e:\NashTech Training\2022Batch6Net2\RookieOnlineAssetManagement\Helpper\Utilities.cs
FN:13,System.String RookieOnlineAssetManagement.Helpper.Utilities::ChangeFormatName(System.String)
FNDA:0,System.String RookieOnlineAssetManagement.Helpper.Utilities::ChangeFormatName(System.String)
DA:14,0
DA:15,0
DA:16,0
DA:17,0
DA:18,0
DA:19,0
DA:20,0
DA:21,0
DA:22,0
DA:24,0
DA:25,0
DA:26,0
DA:27,0
DA:28,0
DA:29,0
DA:30,0
DA:32,0
DA:33,0
DA:35,0
DA:36,0
DA:37,0
BRDA:27,185,0,0
BRDA:27,185,1,0
LF:21
LH:0
BRF:2
BRH:0
FNF:1
FNH:0
end_of_record
SF:e:\NashTech Training\2022Batch6Net2\RookieOnlineAssetManagement\Entities\Asset.cs
FN:8,System.String RookieOnlineAssetManagement.Entities.Asset::get_AssetCode()
FNDA:0,System.String RookieOnlineAssetManagement.Entities.Asset::get_AssetCode()
DA:9,0
FN:9,System.String RookieOnlineAssetManagement.Entities.Asset::get_AssetName()
FNDA:0,System.String RookieOnlineAssetManagement.Entities.Asset::get_AssetName()
DA:10,0
FN:12,System.Collections.Generic.ICollection`1<RookieOnlineAssetManagement.Entities.Assignment> RookieOnlineAssetManagement.Entities.Asset::get_Assignments()
FNDA:0,System.Collections.Generic.ICollection`1<RookieOnlineAssetManagement.Entities.Assignment> RookieOnlineAssetManagement.Entities.Asset::get_Assignments()
DA:13,0
LF:3
LH:0
BRF:0
BRH:0
FNF:3
FNH:0
end_of_record
SF:e:\NashTech Training\2022Batch6Net2\RookieOnlineAssetManagement\Entities\Assignment.cs
FN:6,System.Int32 RookieOnlineAssetManagement.Entities.Assignment::get_Id()
FNDA:0,System.Int32 RookieOnlineAssetManagement.Entities.Assignment::get_Id()
DA:7,0
FN:7,System.DateTime RookieOnlineAssetManagement.Entities.Assignment::get_AssignedDay()
FNDA:0,System.DateTime RookieOnlineAssetManagement.Entities.Assignment::get_AssignedDay()
DA:8,0
FN:8,System.Boolean RookieOnlineAssetManagement.Entities.Assignment::get_Status()
FNDA:0,System.Boolean RookieOnlineAssetManagement.Entities.Assignment::get_Status()
DA:9,0
FN:12,System.String RookieOnlineAssetManagement.Entities.Assignment::get_AssignedBy()
FNDA:0,System.String RookieOnlineAssetManagement.Entities.Assignment::get_AssignedBy()
DA:13,0
FN:13,RookieOnlineAssetManagement.Entities.User RookieOnlineAssetManagement.Entities.Assignment::get_AssignedByUser()
FNDA:0,RookieOnlineAssetManagement.Entities.User RookieOnlineAssetManagement.Entities.Assignment::get_AssignedByUser()
DA:14,0
FN:14,System.String RookieOnlineAssetManagement.Entities.Assignment::get_AssignedTo()
FNDA:0,System.String RookieOnlineAssetManagement.Entities.Assignment::get_AssignedTo()
DA:15,0
FN:15,RookieOnlineAssetManagement.Entities.User RookieOnlineAssetManagement.Entities.Assignment::get_AssignedToUser()
FNDA:0,RookieOnlineAssetManagement.Entities.User RookieOnlineAssetManagement.Entities.Assignment::get_AssignedToUser()
DA:16,0
FN:16,RookieOnlineAssetManagement.Entities.Asset RookieOnlineAssetManagement.Entities.Assignment::get_Asset()
FNDA:0,RookieOnlineAssetManagement.Entities.Asset RookieOnlineAssetManagement.Entities.Assignment::get_Asset()
DA:17,0
LF:8
LH:0
BRF:0
BRH:0
FNF:8
FNH:0
end_of_record
SF:e:\NashTech Training\2022Batch6Net2\RookieOnlineAssetManagement\Entities\User.cs
FN:10,System.String RookieOnlineAssetManagement.Entities.User::get_FirstName()
FNDA:0,System.String RookieOnlineAssetManagement.Entities.User::get_FirstName()
DA:11,0
FN:11,System.String RookieOnlineAssetManagement.Entities.User::get_LastName()
FNDA:0,System.String RookieOnlineAssetManagement.Entities.User::get_LastName()
DA:12,0
FN:12,System.DateTime RookieOnlineAssetManagement.Entities.User::get_JoinedDate()
FNDA:0,System.DateTime RookieOnlineAssetManagement.Entities.User::get_JoinedDate()
DA:13,0
FN:13,System.DateTime RookieOnlineAssetManagement.Entities.User::get_DateofBirth()
FNDA:0,System.DateTime RookieOnlineAssetManagement.Entities.User::get_DateofBirth()
DA:14,0
FN:14,RookieOnlineAssetManagement.Enum.Gender RookieOnlineAssetManagement.Entities.User::get_Gender()
FNDA:0,RookieOnlineAssetManagement.Enum.Gender RookieOnlineAssetManagement.Entities.User::get_Gender()
DA:15,0
FN:15,RookieOnlineAssetManagement.Enum.UserType RookieOnlineAssetManagement.Entities.User::get_Type()
FNDA:0,RookieOnlineAssetManagement.Enum.UserType RookieOnlineAssetManagement.Entities.User::get_Type()
DA:16,0
FN:16,System.String RookieOnlineAssetManagement.Entities.User::get_Location()
FNDA:0,System.String RookieOnlineAssetManagement.Entities.User::get_Location()
DA:17,0
FN:17,System.Boolean RookieOnlineAssetManagement.Entities.User::get_IsDisabled()
FNDA:0,System.Boolean RookieOnlineAssetManagement.Entities.User::get_IsDisabled()
DA:18,0
FN:18,System.String RookieOnlineAssetManagement.Entities.User::get_StaffCode()
FNDA:0,System.String RookieOnlineAssetManagement.Entities.User::get_StaffCode()
DA:19,0
FN:19,System.Boolean RookieOnlineAssetManagement.Entities.User::get_FirstLogin()
FNDA:0,System.Boolean RookieOnlineAssetManagement.Entities.User::get_FirstLogin()
DA:20,0
FN:20,System.Collections.Generic.ICollection`1<RookieOnlineAssetManagement.Entities.Assignment> RookieOnlineAssetManagement.Entities.User::get_AssignedByAssignments()
FNDA:0,System.Collections.Generic.ICollection`1<RookieOnlineAssetManagement.Entities.Assignment> RookieOnlineAssetManagement.Entities.User::get_AssignedByAssignments()
DA:21,0
FN:21,System.Collections.Generic.ICollection`1<RookieOnlineAssetManagement.Entities.Assignment> RookieOnlineAssetManagement.Entities.User::get_AssignedToAssignments()
FNDA:0,System.Collections.Generic.ICollection`1<RookieOnlineAssetManagement.Entities.Assignment> RookieOnlineAssetManagement.Entities.User::get_AssignedToAssignments()
DA:22,0
LF:12
LH:0
BRF:0
BRH:0
FNF:12
FNH:0
end_of_record
SF:e:\NashTech Training\2022Batch6Net2\RookieOnlineAssetManagement\Data\ApplicationDbContext.cs
FN:12,Microsoft.EntityFrameworkCore.DbSet`1<RookieOnlineAssetManagement.Entities.Assignment> RookieOnlineAssetManagement.Data.ApplicationDbContext::get_Assignments()
FNDA:0,Microsoft.EntityFrameworkCore.DbSet`1<RookieOnlineAssetManagement.Entities.Assignment> RookieOnlineAssetManagement.Data.ApplicationDbContext::get_Assignments()
DA:13,0
FN:13,Microsoft.EntityFrameworkCore.DbSet`1<RookieOnlineAssetManagement.Entities.Asset> RookieOnlineAssetManagement.Data.ApplicationDbContext::get_Assets()
FNDA:0,Microsoft.EntityFrameworkCore.DbSet`1<RookieOnlineAssetManagement.Entities.Asset> RookieOnlineAssetManagement.Data.ApplicationDbContext::get_Assets()
DA:14,0
FN:16,System.Void RookieOnlineAssetManagement.Data.ApplicationDbContext::OnModelCreating(Microsoft.EntityFrameworkCore.ModelBuilder)
FNDA:0,System.Void RookieOnlineAssetManagement.Data.ApplicationDbContext::OnModelCreating(Microsoft.EntityFrameworkCore.ModelBuilder)
DA:17,0
DA:18,0
DA:19,0
DA:20,0
DA:21,0
DA:22,0
DA:23,0
DA:24,0
DA:25,0
DA:26,0
DA:27,0
DA:28,0
DA:29,0
DA:30,0
DA:31,0
DA:32,0
DA:33,0
DA:34,0
DA:35,0
DA:37,0
DA:38,0
DA:39,0
DA:40,0
DA:42,0
DA:43,0
FN:8,System.Void RookieOnlineAssetManagement.Data.ApplicationDbContext::.ctor(Microsoft.EntityFrameworkCore.DbContextOptions`1<RookieOnlineAssetManagement.Data.ApplicationDbContext>)
FNDA:0,System.Void RookieOnlineAssetManagement.Data.ApplicationDbContext::.ctor(Microsoft.EntityFrameworkCore.DbContextOptions`1<RookieOnlineAssetManagement.Data.ApplicationDbContext>)
DA:9,0
DA:10,0
DA:11,0
LF:30
LH:0
BRF:0
BRH:0
FNF:4
FNH:0
end_of_record
SF:e:\NashTech Training\2022Batch6Net2\RookieOnlineAssetManagement\Data\StartData.cs
FN:11,System.Void RookieOnlineAssetManagement.Data.StartData/<Initialize>d__0::MoveNext()
FNDA:0,System.Void RookieOnlineAssetManagement.Data.StartData/<Initialize>d__0::MoveNext()
DA:12,0
DA:13,0
DA:14,0
DA:15,0
DA:16,0
DA:17,0
DA:18,0
DA:19,0
DA:20,0
DA:21,0
DA:22,0
DA:23,0
DA:24,0
DA:25,0
DA:26,0
DA:27,0
DA:28,0
DA:29,0
DA:30,0
DA:31,0
DA:32,0
DA:33,0
DA:34,0
DA:35,0
DA:36,0
DA:37,0
DA:38,0
DA:39,0
DA:40,0
DA:41,0
DA:42,0
DA:44,0
DA:45,0
DA:46,0
DA:47,0
DA:48,0
DA:49,0
DA:50,0
DA:51,0
DA:52,0
DA:53,0
BRDA:44,684,1,0
BRDA:47,395,0,0
BRDA:47,395,1,0
BRDA:44,684,0,0
LF:41
LH:0
BRF:4
BRH:0
FNF:1
FNH:0
end_of_record
SF:e:\NashTech Training\2022Batch6Net2\RookieOnlineAssetManagement\Controllers\AssignmentController.cs
FN:20,Microsoft.AspNetCore.Mvc.IActionResult RookieOnlineAssetManagement.Controllers.AssignmentController::GetAll()
FNDA:0,Microsoft.AspNetCore.Mvc.IActionResult RookieOnlineAssetManagement.Controllers.AssignmentController::GetAll()
DA:21,0
DA:22,0
DA:23,0
DA:24,0
FN:13,System.Void RookieOnlineAssetManagement.Controllers.AssignmentController::.ctor(RookieOnlineAssetManagement.Interface.IAssignmentRepository)
FNDA:0,System.Void RookieOnlineAssetManagement.Controllers.AssignmentController::.ctor(RookieOnlineAssetManagement.Interface.IAssignmentRepository)
DA:14,0
DA:15,0
DA:16,0
DA:17,0
LF:8
LH:0
BRF:0
BRH:0
FNF:2
FNH:0
end_of_record
SF:e:\NashTech Training\2022Batch6Net2\RookieOnlineAssetManagement\Controllers\UsersController.cs
FN:23,System.Void RookieOnlineAssetManagement.Controllers.UsersController::.ctor(Microsoft.AspNetCore.Identity.UserManager`1<RookieOnlineAssetManagement.Entities.User>,Microsoft.AspNetCore.Identity.SignInManager`1<RookieOnlineAssetManagement.Entities.User>,RookieOnlineAssetManagement.Interface.IUserRepository)
FNDA:0,System.Void RookieOnlineAssetManagement.Controllers.UsersController::.ctor(Microsoft.AspNetCore.Identity.UserManager`1<RookieOnlineAssetManagement.Entities.User>,Microsoft.AspNetCore.Identity.SignInManager`1<RookieOnlineAssetManagement.Entities.User>,RookieOnlineAssetManagement.Interface.IUserRepository)
DA:24,0
DA:25,0
DA:26,0
DA:27,0
DA:28,0
DA:29,0
FN:76,System.Void RookieOnlineAssetManagement.Controllers.UsersController/<ChangePassword>d__7::MoveNext()
FNDA:0,System.Void RookieOnlineAssetManagement.Controllers.UsersController/<ChangePassword>d__7::MoveNext()
DA:77,0
DA:79,0
DA:81,0
DA:82,0
DA:84,0
DA:85,0
DA:87,0
DA:88,0
DA:89,0
DA:91,0
DA:92,0
DA:93,0
DA:94,0
DA:95,0
DA:96,0
DA:97,0
DA:99,0
DA:101,0
DA:104,0
DA:105,0
DA:107,0
DA:108,0
DA:110,0
DA:111,0
BRDA:81,194,0,0
BRDA:84,231,0,0
BRDA:88,390,0,0
BRDA:92,433,0,0
BRDA:95,615,0,0
BRDA:95,615,1,0
BRDA:92,433,1,0
BRDA:88,390,1,0
BRDA:84,231,1,0
BRDA:81,194,1,0
FN:202,System.Void RookieOnlineAssetManagement.Controllers.UsersController/<CheckUserCanDelete>d__13::MoveNext()
FNDA:0,System.Void RookieOnlineAssetManagement.Controllers.UsersController/<CheckUserCanDelete>d__13::MoveNext()
DA:203,0
DA:204,0
DA:205,0
DA:206,0
DA:207,0
DA:210,0
DA:211,0
DA:213,0
BRDA:205,164,0,0
BRDA:205,164,1,0
FN:121,System.Void RookieOnlineAssetManagement.Controllers.UsersController/<CreateUser>d__9::MoveNext()
FNDA:0,System.Void RookieOnlineAssetManagement.Controllers.UsersController/<CreateUser>d__9::MoveNext()
DA:122,0
DA:123,0
DA:124,0
DA:125,0
DA:126,0
DA:127,0
DA:128,0
DA:129,0
DA:130,0
DA:132,0
DA:133,0
DA:134,0
DA:135,0
DA:137,0
DA:138,0
DA:139,0
DA:142,0
DA:143,0
DA:144,0
DA:146,0
DA:147,0
DA:148,0
DA:150,0
DA:152,0
DA:154,0
DA:155,0
BRDA:123,44,0,0
BRDA:128,262,0,0
BRDA:128,262,1,0
BRDA:133,339,0,0
BRDA:133,339,1,0
BRDA:137,380,0,0
BRDA:137,380,1,0
BRDA:137,397,0,0
BRDA:137,397,1,0
BRDA:142,438,0,0
BRDA:142,438,1,0
BRDA:142,455,0,0
BRDA:142,455,1,0
BRDA:146,492,0,0
BRDA:146,492,1,0
BRDA:146,515,0,0
BRDA:146,515,1,0
BRDA:123,44,1,0
FN:216,System.Void RookieOnlineAssetManagement.Controllers.UsersController/<DeleteUser>d__14::MoveNext()
FNDA:0,System.Void RookieOnlineAssetManagement.Controllers.UsersController/<DeleteUser>d__14::MoveNext()
DA:217,0
DA:218,0
DA:219,0
DA:220,0
DA:221,0
DA:224,0
DA:225,0
DA:227,0
BRDA:219,164,0,0
BRDA:219,164,1,0
FN:193,System.Void RookieOnlineAssetManagement.Controllers.UsersController/<EditUser>d__12::MoveNext()
FNDA:0,System.Void RookieOnlineAssetManagement.Controllers.UsersController/<EditUser>d__12::MoveNext()
DA:194,0
DA:195,0
DA:196,0
DA:197,0
DA:198,0
DA:199,0
BRDA:196,164,0,0
BRDA:196,164,1,0
FN:51,System.Void RookieOnlineAssetManagement.Controllers.UsersController/<FirstChangePassword>d__6::MoveNext()
FNDA:0,System.Void RookieOnlineAssetManagement.Controllers.UsersController/<FirstChangePassword>d__6::MoveNext()
DA:52,0
DA:53,0
DA:54,0
DA:55,0
DA:56,0
DA:57,0
DA:58,0
DA:59,0
DA:60,0
DA:61,0
DA:62,0
DA:63,0
DA:64,0
DA:65,0
DA:66,0
DA:67,0
DA:68,0
DA:69,0
DA:70,0
DA:71,0
DA:72,0
BRDA:55,230,0,0
BRDA:55,230,1,0
BRDA:59,269,0,0
BRDA:63,585,0,0
BRDA:67,758,0,0
BRDA:67,758,1,0
BRDA:63,585,1,0
BRDA:59,269,1,0
FN:32,System.Void RookieOnlineAssetManagement.Controllers.UsersController/<Get>d__4::MoveNext()
FNDA:0,System.Void RookieOnlineAssetManagement.Controllers.UsersController/<Get>d__4::MoveNext()
DA:33,0
DA:34,0
DA:35,0
DA:36,0
FN:39,System.Void RookieOnlineAssetManagement.Controllers.UsersController/<GetAll>d__5::MoveNext()
FNDA:0,System.Void RookieOnlineAssetManagement.Controllers.UsersController/<GetAll>d__5::MoveNext()
DA:40,0
DA:41,0
DA:42,0
DA:43,0
DA:44,0
DA:45,0
DA:47,0
DA:48,0
BRDA:43,319,0,0
BRDA:43,319,1,0
FN:182,System.Void RookieOnlineAssetManagement.Controllers.UsersController/<GetById>d__11::MoveNext()
FNDA:0,System.Void RookieOnlineAssetManagement.Controllers.UsersController/<GetById>d__11::MoveNext()
DA:183,0
DA:184,0
DA:185,0
DA:186,0
DA:187,0
DA:189,0
DA:190,0
BRDA:185,164,0,0
BRDA:185,164,1,0
FN:158,System.Void RookieOnlineAssetManagement.Controllers.UsersController/<GetUserByType>d__10::MoveNext()
FNDA:0,System.Void RookieOnlineAssetManagement.Controllers.UsersController/<GetUserByType>d__10::MoveNext()
DA:159,0
DA:160,0
DA:161,0
DA:162,0
DA:163,0
DA:164,0
DA:165,0
DA:166,0
DA:167,0
DA:168,0
DA:169,0
DA:170,0
DA:171,0
DA:172,0
DA:173,0
DA:174,0
DA:175,0
DA:176,0
DA:177,0
DA:178,0
DA:179,0
BRDA:162,369,0,0
BRDA:162,387,0,0
BRDA:162,369,1,0
BRDA:162,387,1,0
BRDA:162,412,0,0
BRDA:162,412,1,0
BRDA:166,591,0,0
BRDA:166,609,0,0
BRDA:166,591,1,0
BRDA:166,609,1,0
BRDA:166,634,0,0
BRDA:166,634,1,0
BRDA:170,813,0,0
BRDA:170,831,0,0
BRDA:170,813,1,0
BRDA:170,831,1,0
BRDA:170,856,0,0
BRDA:170,856,1,0
BRDA:174,1039,0,0
BRDA:174,1039,1,0
FN:114,System.Void RookieOnlineAssetManagement.Controllers.UsersController/<Logout>d__8::MoveNext()
FNDA:0,System.Void RookieOnlineAssetManagement.Controllers.UsersController/<Logout>d__8::MoveNext()
DA:115,0
DA:116,0
DA:117,0
DA:118,0
LF:143
LH:0
BRF:66
BRH:0
FNF:12
FNH:0
end_of_record
SF:e:\NashTech Training\2022Batch6Net2\RookieOnlineAssetManagement\Areas\Identity\Pages\Account\Login.cshtml.cs
FN:39,RookieOnlineAssetManagement.Areas.Identity.Pages.Account.LoginModel/InputModel RookieOnlineAssetManagement.Areas.Identity.Pages.Account.LoginModel::get_Input()
FNDA:0,RookieOnlineAssetManagement.Areas.Identity.Pages.Account.LoginModel/InputModel RookieOnlineAssetManagement.Areas.Identity.Pages.Account.LoginModel::get_Input()
DA:40,0
FN:45,System.Collections.Generic.IList`1<Microsoft.AspNetCore.Authentication.AuthenticationScheme> RookieOnlineAssetManagement.Areas.Identity.Pages.Account.LoginModel::get_ExternalLogins()
FNDA:0,System.Collections.Generic.IList`1<Microsoft.AspNetCore.Authentication.AuthenticationScheme> RookieOnlineAssetManagement.Areas.Identity.Pages.Account.LoginModel::get_ExternalLogins()
DA:46,0
FN:51,System.String RookieOnlineAssetManagement.Areas.Identity.Pages.Account.LoginModel::get_ReturnUrl()
FNDA:0,System.String RookieOnlineAssetManagement.Areas.Identity.Pages.Account.LoginModel::get_ReturnUrl()
DA:52,0
FN:58,System.String RookieOnlineAssetManagement.Areas.Identity.Pages.Account.LoginModel::get_ErrorMessage()
FNDA:0,System.String RookieOnlineAssetManagement.Areas.Identity.Pages.Account.LoginModel::get_ErrorMessage()
DA:59,0
FN:27,System.Void RookieOnlineAssetManagement.Areas.Identity.Pages.Account.LoginModel::.ctor(Microsoft.AspNetCore.Identity.SignInManager`1<RookieOnlineAssetManagement.Entities.User>,Microsoft.Extensions.Logging.ILogger`1<RookieOnlineAssetManagement.Areas.Identity.Pages.Account.LoginModel>,Microsoft.AspNetCore.Identity.UserManager`1<RookieOnlineAssetManagement.Entities.User>)
FNDA:0,System.Void RookieOnlineAssetManagement.Areas.Identity.Pages.Account.LoginModel::.ctor(Microsoft.AspNetCore.Identity.SignInManager`1<RookieOnlineAssetManagement.Entities.User>,Microsoft.Extensions.Logging.ILogger`1<RookieOnlineAssetManagement.Areas.Identity.Pages.Account.LoginModel>,Microsoft.AspNetCore.Identity.UserManager`1<RookieOnlineAssetManagement.Entities.User>)
DA:28,0
DA:29,0
DA:30,0
DA:31,0
DA:32,0
DA:33,0
FN:71,System.String RookieOnlineAssetManagement.Areas.Identity.Pages.Account.LoginModel/InputModel::get_UserName()
FNDA:0,System.String RookieOnlineAssetManagement.Areas.Identity.Pages.Account.LoginModel/InputModel::get_UserName()
DA:72,0
FN:79,System.String RookieOnlineAssetManagement.Areas.Identity.Pages.Account.LoginModel/InputModel::get_Password()
FNDA:0,System.String RookieOnlineAssetManagement.Areas.Identity.Pages.Account.LoginModel/InputModel::get_Password()
DA:80,0
FN:88,System.Void RookieOnlineAssetManagement.Areas.Identity.Pages.Account.LoginModel/<OnGetAsync>d__21::MoveNext()
FNDA:0,System.Void RookieOnlineAssetManagement.Areas.Identity.Pages.Account.LoginModel/<OnGetAsync>d__21::MoveNext()
DA:89,0
DA:91,0
DA:92,0
DA:93,0
DA:96,0
DA:97,0
DA:98,0
DA:99,0
DA:101,0
DA:104,0
DA:106,0
DA:108,0
DA:110,0
DA:111,0
BRDA:91,58,0,0
BRDA:91,58,1,0
BRDA:96,105,0,0
BRDA:96,105,1,0
BRDA:101,148,0,0
BRDA:101,148,1,0
FN:113,System.Void RookieOnlineAssetManagement.Areas.Identity.Pages.Account.LoginModel/<OnPostAsync>d__22::MoveNext()
FNDA:0,System.Void RookieOnlineAssetManagement.Areas.Identity.Pages.Account.LoginModel/<OnPostAsync>d__22::MoveNext()
DA:114,0
DA:115,0
DA:117,0
DA:119,0
DA:120,0
DA:121,0
DA:122,0
DA:123,0
DA:124,0
DA:125,0
DA:127,0
DA:128,0
DA:129,0
DA:130,0
DA:134,0
DA:135,0
DA:136,0
DA:137,0
DA:138,0
DA:140,0
DA:141,0
DA:142,0
DA:144,0
DA:145,0
DA:146,0
DA:147,0
DA:150,0
DA:151,0
DA:152,0
DA:157,0
DA:158,0
BRDA:115,46,0,0
BRDA:115,46,1,0
BRDA:119,236,0,0
BRDA:122,534,0,0
BRDA:122,534,1,0
BRDA:127,596,0,0
BRDA:127,596,1,0
BRDA:135,825,0,0
BRDA:135,825,1,0
BRDA:140,908,0,0
BRDA:140,908,1,0
BRDA:144,960,0,0
BRDA:144,960,1,0
BRDA:119,236,1,0
LF:57
LH:0
BRF:20
BRH:0
FNF:9
FNH:0
end_of_record